{"C:\\Users\\maxim\\OneDrive\\Bureau\\PROJET CCM\\twitch-event-listener\\front\\src\\App.tsx": {"path":"C:\\Users\\maxim\\OneDrive\\Bureau\\PROJET CCM\\twitch-event-listener\\front\\src\\App.tsx","statementMap":{"0":{"start":{"line":22,"column":41},"end":{"line":22,"column":null}},"1":{"start":{"line":23,"column":45},"end":{"line":23,"column":null}},"2":{"start":{"line":25,"column":24},"end":{"line":28,"column":null}},"3":{"start":{"line":26,"column":4},"end":{"line":26,"column":null}},"4":{"start":{"line":27,"column":4},"end":{"line":27,"column":null}},"5":{"start":{"line":30,"column":21},"end":{"line":32,"column":null}},"6":{"start":{"line":31,"column":4},"end":{"line":31,"column":null}},"7":{"start":{"line":34,"column":2},"end":{"line":40,"column":null}}},"fnMap":{"0":{"name":"App","decl":{"start":{"line":21,"column":24},"end":{"line":21,"column":null}},"loc":{"start":{"line":21,"column":24},"end":{"line":56,"column":null}},"line":21},"1":{"name":"(anonymous_1)","decl":{"start":{"line":25,"column":24},"end":{"line":25,"column":null}},"loc":{"start":{"line":25,"column":24},"end":{"line":28,"column":null}},"line":25},"2":{"name":"(anonymous_2)","decl":{"start":{"line":30,"column":21},"end":{"line":30,"column":22}},"loc":{"start":{"line":30,"column":22},"end":{"line":32,"column":null}},"line":30}},"branchMap":{"0":{"loc":{"start":{"line":34,"column":2},"end":{"line":40,"column":null}},"type":"if","locations":[{"start":{"line":34,"column":2},"end":{"line":40,"column":null}},{"start":{},"end":{}}],"line":34},"1":{"loc":{"start":{"line":34,"column":6},"end":{"line":34,"column":55}},"type":"binary-expr","locations":[{"start":{"line":34,"column":6},"end":{"line":34,"column":26}},{"start":{"line":34,"column":26},"end":{"line":34,"column":55}}],"line":34}},"s":{"0":60,"1":60,"2":60,"3":12,"4":12,"5":60,"6":1,"7":60},"f":{"0":60,"1":12,"2":1},"b":{"0":[34,26],"1":[60,34]},"meta":{"lastBranch":2,"lastFunction":3,"lastStatement":8,"seen":{"f:21:24:21:Infinity":0,"s:22:41:22:Infinity":0,"s:23:45:23:Infinity":1,"s:25:24:28:Infinity":2,"f:25:24:25:Infinity":1,"s:26:4:26:Infinity":3,"s:27:4:27:Infinity":4,"s:30:21:32:Infinity":5,"f:30:21:30:22":2,"s:31:4:31:Infinity":6,"b:34:2:40:Infinity:undefined:undefined:undefined:undefined":0,"s:34:2:40:Infinity":7,"b:34:6:34:26:34:26:34:55":1}}}
,"C:\\Users\\maxim\\OneDrive\\Bureau\\PROJET CCM\\twitch-event-listener\\front\\src\\components\\figma\\ImageWithFallback.tsx": {"path":"C:\\Users\\maxim\\OneDrive\\Bureau\\PROJET CCM\\twitch-event-listener\\front\\src\\components\\figma\\ImageWithFallback.tsx","statementMap":{"0":{"start":{"line":4,"column":2},"end":{"line":4,"column":null}},"1":{"start":{"line":7,"column":31},"end":{"line":7,"column":null}},"2":{"start":{"line":9,"column":22},"end":{"line":11,"column":null}},"3":{"start":{"line":10,"column":4},"end":{"line":10,"column":null}},"4":{"start":{"line":13,"column":50},"end":{"line":13,"column":null}}},"fnMap":{"0":{"name":"ImageWithFallback","decl":{"start":{"line":6,"column":16},"end":{"line":6,"column":34}},"loc":{"start":{"line":6,"column":82},"end":{"line":27,"column":null}},"line":6},"1":{"name":"(anonymous_1)","decl":{"start":{"line":9,"column":22},"end":{"line":9,"column":null}},"loc":{"start":{"line":9,"column":22},"end":{"line":11,"column":null}},"line":9}},"branchMap":{"0":{"loc":{"start":{"line":17,"column":70},"end":{"line":17,"column":87}},"type":"binary-expr","locations":[{"start":{"line":17,"column":70},"end":{"line":17,"column":83}},{"start":{"line":17,"column":83},"end":{"line":17,"column":87}}],"line":17}},"s":{"0":1,"1":6,"2":6,"3":1,"4":6},"f":{"0":6,"1":1},"b":{"0":[2,2]},"meta":{"lastBranch":1,"lastFunction":2,"lastStatement":5,"seen":{"s:4:2:4:Infinity":0,"f:6:16:6:34":0,"s:7:31:7:Infinity":1,"s:9:22:11:Infinity":2,"f:9:22:9:Infinity":1,"s:10:4:10:Infinity":3,"s:13:50:13:Infinity":4,"b:17:70:17:83:17:83:17:87":0}}}
,"C:\\Users\\maxim\\OneDrive\\Bureau\\PROJET CCM\\twitch-event-listener\\front\\src\\components\\layout\\Sidebar.tsx": {"path":"C:\\Users\\maxim\\OneDrive\\Bureau\\PROJET CCM\\twitch-event-listener\\front\\src\\components\\layout\\Sidebar.tsx","statementMap":{"0":{"start":{"line":23,"column":30},"end":{"line":23,"column":null}},"1":{"start":{"line":24,"column":20},"end":{"line":31,"column":null}},"2":{"start":{"line":33,"column":27},"end":{"line":38,"column":null}},"3":{"start":{"line":34,"column":4},"end":{"line":34,"column":null}},"4":{"start":{"line":35,"column":4},"end":{"line":37,"column":null}},"5":{"start":{"line":36,"column":6},"end":{"line":36,"column":null}},"6":{"start":{"line":80,"column":27},"end":{"line":80,"column":36}},"7":{"start":{"line":81,"column":31},"end":{"line":81,"column":54}},"8":{"start":{"line":86,"column":33},"end":{"line":86,"column":null}}},"fnMap":{"0":{"name":"Sidebar","decl":{"start":{"line":22,"column":16},"end":{"line":22,"column":24}},"loc":{"start":{"line":22,"column":89},"end":{"line":118,"column":null}},"line":22},"1":{"name":"(anonymous_1)","decl":{"start":{"line":33,"column":27},"end":{"line":33,"column":28}},"loc":{"start":{"line":33,"column":28},"end":{"line":38,"column":null}},"line":33},"2":{"name":"(anonymous_2)","decl":{"start":{"line":79,"column":27},"end":{"line":79,"column":null}},"loc":{"start":{"line":79,"column":27},"end":{"line":97,"column":null}},"line":79},"3":{"name":"(anonymous_3)","decl":{"start":{"line":86,"column":27},"end":{"line":86,"column":33}},"loc":{"start":{"line":86,"column":33},"end":{"line":86,"column":null}},"line":86}},"branchMap":{"0":{"loc":{"start":{"line":22,"column":51},"end":{"line":22,"column":64}},"type":"default-arg","locations":[{"start":{"line":22,"column":60},"end":{"line":22,"column":64}}],"line":22},"1":{"loc":{"start":{"line":35,"column":4},"end":{"line":37,"column":null}},"type":"if","locations":[{"start":{"line":35,"column":4},"end":{"line":37,"column":null}},{"start":{},"end":{}}],"line":35},"2":{"loc":{"start":{"line":55,"column":10},"end":{"line":55,"column":null}},"type":"cond-expr","locations":[{"start":{"line":55,"column":19},"end":{"line":55,"column":37}},{"start":{"line":55,"column":37},"end":{"line":55,"column":null}}],"line":55},"3":{"loc":{"start":{"line":88,"column":20},"end":{"line":90,"column":null}},"type":"cond-expr","locations":[{"start":{"line":89,"column":24},"end":{"line":89,"column":null}},{"start":{"line":90,"column":24},"end":{"line":90,"column":null}}],"line":88},"4":{"loc":{"start":{"line":108,"column":19},"end":{"line":108,"column":null}},"type":"cond-expr","locations":[{"start":{"line":108,"column":39},"end":{"line":108,"column":53}},{"start":{"line":108,"column":53},"end":{"line":108,"column":null}}],"line":108}},"s":{"0":178,"1":178,"2":178,"3":3,"4":3,"5":2,"6":1068,"7":1068,"8":3},"f":{"0":178,"1":3,"2":1068,"3":3},"b":{"0":[178],"1":[2,1],"2":[22,156],"3":[178,890],"4":[178,0]},"meta":{"lastBranch":5,"lastFunction":4,"lastStatement":9,"seen":{"f:22:16:22:24":0,"b:22:60:22:64":0,"s:23:30:23:Infinity":0,"s:24:20:31:Infinity":1,"s:33:27:38:Infinity":2,"f:33:27:33:28":1,"s:34:4:34:Infinity":3,"b:35:4:37:Infinity:undefined:undefined:undefined:undefined":1,"s:35:4:37:Infinity":4,"s:36:6:36:Infinity":5,"b:55:19:55:37:55:37:55:Infinity":2,"f:79:27:79:Infinity":2,"s:80:27:80:36":6,"s:81:31:81:54":7,"f:86:27:86:33":3,"s:86:33:86:Infinity":8,"b:89:24:89:Infinity:90:24:90:Infinity":3,"b:108:39:108:53:108:53:108:Infinity":4}}}
,"C:\\Users\\maxim\\OneDrive\\Bureau\\PROJET CCM\\twitch-event-listener\\front\\src\\components\\ui\\ChannelSelector.tsx": {"path":"C:\\Users\\maxim\\OneDrive\\Bureau\\PROJET CCM\\twitch-event-listener\\front\\src\\components\\ui\\ChannelSelector.tsx","statementMap":{"0":{"start":{"line":6,"column":66},"end":{"line":6,"column":null}},"1":{"start":{"line":7,"column":27},"end":{"line":7,"column":null}},"2":{"start":{"line":12,"column":23},"end":{"line":12,"column":null}},"3":{"start":{"line":32,"column":25},"end":{"line":32,"column":null}},"4":{"start":{"line":49,"column":18},"end":{"line":49,"column":null}},"5":{"start":{"line":50,"column":18},"end":{"line":50,"column":null}}},"fnMap":{"0":{"name":"ChannelSelector","decl":{"start":{"line":5,"column":16},"end":{"line":5,"column":null}},"loc":{"start":{"line":5,"column":16},"end":{"line":84,"column":null}},"line":5},"1":{"name":"(anonymous_1)","decl":{"start":{"line":12,"column":17},"end":{"line":12,"column":23}},"loc":{"start":{"line":12,"column":23},"end":{"line":12,"column":null}},"line":12},"2":{"name":"(anonymous_2)","decl":{"start":{"line":32,"column":19},"end":{"line":32,"column":25}},"loc":{"start":{"line":32,"column":25},"end":{"line":32,"column":null}},"line":32},"3":{"name":"(anonymous_3)","decl":{"start":{"line":48,"column":25},"end":{"line":48,"column":null}},"loc":{"start":{"line":48,"column":25},"end":{"line":51,"column":null}},"line":48}},"branchMap":{"0":{"loc":{"start":{"line":23,"column":67},"end":{"line":23,"column":null}},"type":"cond-expr","locations":[{"start":{"line":23,"column":76},"end":{"line":23,"column":91}},{"start":{"line":23,"column":91},"end":{"line":23,"column":null}}],"line":23},"1":{"loc":{"start":{"line":53,"column":18},"end":{"line":53,"column":null}},"type":"cond-expr","locations":[{"start":{"line":53,"column":54},"end":{"line":53,"column":74}},{"start":{"line":53,"column":74},"end":{"line":53,"column":null}}],"line":53}},"s":{"0":154,"1":154,"2":3,"3":0,"4":1,"5":1},"f":{"0":154,"1":3,"2":0,"3":1},"b":{"0":[4,150],"1":[4,8]},"meta":{"lastBranch":2,"lastFunction":4,"lastStatement":6,"seen":{"f:5:16:5:Infinity":0,"s:6:66:6:Infinity":0,"s:7:27:7:Infinity":1,"f:12:17:12:23":1,"s:12:23:12:Infinity":2,"b:23:76:23:91:23:91:23:Infinity":0,"f:32:19:32:25":2,"s:32:25:32:Infinity":3,"f:48:25:48:Infinity":3,"s:49:18:49:Infinity":4,"s:50:18:50:Infinity":5,"b:53:54:53:74:53:74:53:Infinity":1}}}
,"C:\\Users\\maxim\\OneDrive\\Bureau\\PROJET CCM\\twitch-event-listener\\front\\src\\components\\ui\\accordion.tsx": {"path":"C:\\Users\\maxim\\OneDrive\\Bureau\\PROJET CCM\\twitch-event-listener\\front\\src\\components\\ui\\accordion.tsx","statementMap":{"0":{"start":{"line":1,"column":0},"end":{"line":1,"column":null}}},"fnMap":{"0":{"name":"Accordion","decl":{"start":{"line":9,"column":9},"end":{"line":9,"column":19}},"loc":{"start":{"line":9,"column":85},"end":{"line":11,"column":null}},"line":9},"1":{"name":"AccordionItem","decl":{"start":{"line":13,"column":9},"end":{"line":13,"column":23}},"loc":{"start":{"line":16,"column":55},"end":{"line":24,"column":null}},"line":16},"2":{"name":"AccordionTrigger","decl":{"start":{"line":26,"column":9},"end":{"line":26,"column":26}},"loc":{"start":{"line":30,"column":58},"end":{"line":46,"column":null}},"line":30},"3":{"name":"AccordionContent","decl":{"start":{"line":48,"column":9},"end":{"line":48,"column":26}},"loc":{"start":{"line":52,"column":58},"end":{"line":62,"column":null}},"line":52}},"branchMap":{},"s":{"0":1},"f":{"0":2,"1":2,"2":2,"3":2},"b":{},"meta":{"lastBranch":0,"lastFunction":4,"lastStatement":1,"seen":{"s:1:0:1:Infinity":0,"f:9:9:9:19":0,"f:13:9:13:23":1,"f:26:9:26:26":2,"f:48:9:48:26":3}}}
,"C:\\Users\\maxim\\OneDrive\\Bureau\\PROJET CCM\\twitch-event-listener\\front\\src\\components\\ui\\alert-dialog.tsx": {"path":"C:\\Users\\maxim\\OneDrive\\Bureau\\PROJET CCM\\twitch-event-listener\\front\\src\\components\\ui\\alert-dialog.tsx","statementMap":{"0":{"start":{"line":1,"column":0},"end":{"line":1,"column":null}}},"fnMap":{"0":{"name":"AlertDialog","decl":{"start":{"line":9,"column":9},"end":{"line":9,"column":21}},"loc":{"start":{"line":11,"column":67},"end":{"line":13,"column":null}},"line":11},"1":{"name":"AlertDialogTrigger","decl":{"start":{"line":15,"column":9},"end":{"line":15,"column":28}},"loc":{"start":{"line":17,"column":70},"end":{"line":19,"column":null}},"line":17},"2":{"name":"AlertDialogPortal","decl":{"start":{"line":21,"column":9},"end":{"line":21,"column":27}},"loc":{"start":{"line":23,"column":69},"end":{"line":25,"column":null}},"line":23},"3":{"name":"AlertDialogOverlay","decl":{"start":{"line":27,"column":9},"end":{"line":27,"column":28}},"loc":{"start":{"line":30,"column":70},"end":{"line":41,"column":null}},"line":30},"4":{"name":"AlertDialogContent","decl":{"start":{"line":43,"column":9},"end":{"line":43,"column":28}},"loc":{"start":{"line":46,"column":70},"end":{"line":60,"column":null}},"line":46},"5":{"name":"AlertDialogHeader","decl":{"start":{"line":62,"column":9},"end":{"line":62,"column":27}},"loc":{"start":{"line":62,"column":89},"end":{"line":70,"column":null}},"line":62},"6":{"name":"AlertDialogFooter","decl":{"start":{"line":72,"column":9},"end":{"line":72,"column":27}},"loc":{"start":{"line":72,"column":89},"end":{"line":80,"column":null}},"line":72},"7":{"name":"AlertDialogTitle","decl":{"start":{"line":82,"column":9},"end":{"line":82,"column":26}},"loc":{"start":{"line":85,"column":68},"end":{"line":93,"column":null}},"line":85},"8":{"name":"AlertDialogDescription","decl":{"start":{"line":95,"column":9},"end":{"line":95,"column":32}},"loc":{"start":{"line":98,"column":74},"end":{"line":106,"column":null}},"line":98},"9":{"name":"AlertDialogAction","decl":{"start":{"line":108,"column":9},"end":{"line":108,"column":27}},"loc":{"start":{"line":111,"column":69},"end":{"line":113,"column":null}},"line":111},"10":{"name":"AlertDialogCancel","decl":{"start":{"line":115,"column":9},"end":{"line":115,"column":27}},"loc":{"start":{"line":118,"column":69},"end":{"line":125,"column":null}},"line":118}},"branchMap":{},"s":{"0":1},"f":{"0":2,"1":2,"2":2,"3":4,"4":2,"5":0,"6":0,"7":2,"8":2,"9":2,"10":2},"b":{},"meta":{"lastBranch":0,"lastFunction":11,"lastStatement":1,"seen":{"s:1:0:1:Infinity":0,"f:9:9:9:21":0,"f:15:9:15:28":1,"f:21:9:21:27":2,"f:27:9:27:28":3,"f:43:9:43:28":4,"f:62:9:62:27":5,"f:72:9:72:27":6,"f:82:9:82:26":7,"f:95:9:95:32":8,"f:108:9:108:27":9,"f:115:9:115:27":10}}}
,"C:\\Users\\maxim\\OneDrive\\Bureau\\PROJET CCM\\twitch-event-listener\\front\\src\\components\\ui\\alert.tsx": {"path":"C:\\Users\\maxim\\OneDrive\\Bureau\\PROJET CCM\\twitch-event-listener\\front\\src\\components\\ui\\alert.tsx","statementMap":{"0":{"start":{"line":6,"column":6},"end":{"line":19,"column":null}}},"fnMap":{"0":{"name":"Alert","decl":{"start":{"line":22,"column":9},"end":{"line":22,"column":15}},"loc":{"start":{"line":26,"column":67},"end":{"line":35,"column":null}},"line":26},"1":{"name":"AlertTitle","decl":{"start":{"line":37,"column":9},"end":{"line":37,"column":20}},"loc":{"start":{"line":37,"column":72},"end":{"line":45,"column":null}},"line":37},"2":{"name":"AlertDescription","decl":{"start":{"line":47,"column":9},"end":{"line":47,"column":26}},"loc":{"start":{"line":47,"column":78},"end":{"line":58,"column":null}},"line":47}},"branchMap":{},"s":{"0":1},"f":{"0":2,"1":2,"2":2},"b":{},"meta":{"lastBranch":0,"lastFunction":3,"lastStatement":1,"seen":{"s:6:6:19:Infinity":0,"f:22:9:22:15":0,"f:37:9:37:20":1,"f:47:9:47:26":2}}}
,"C:\\Users\\maxim\\OneDrive\\Bureau\\PROJET CCM\\twitch-event-listener\\front\\src\\components\\ui\\aspect-ratio.tsx": {"path":"C:\\Users\\maxim\\OneDrive\\Bureau\\PROJET CCM\\twitch-event-listener\\front\\src\\components\\ui\\aspect-ratio.tsx","statementMap":{"0":{"start":{"line":1,"column":0},"end":{"line":1,"column":null}}},"fnMap":{"0":{"name":"AspectRatio","decl":{"start":{"line":5,"column":9},"end":{"line":5,"column":21}},"loc":{"start":{"line":5,"column":89},"end":{"line":7,"column":null}},"line":5}},"branchMap":{},"s":{"0":1},"f":{"0":2},"b":{},"meta":{"lastBranch":0,"lastFunction":1,"lastStatement":1,"seen":{"s:1:0:1:Infinity":0,"f:5:9:5:21":0}}}
,"C:\\Users\\maxim\\OneDrive\\Bureau\\PROJET CCM\\twitch-event-listener\\front\\src\\components\\ui\\avatar.tsx": {"path":"C:\\Users\\maxim\\OneDrive\\Bureau\\PROJET CCM\\twitch-event-listener\\front\\src\\components\\ui\\avatar.tsx","statementMap":{"0":{"start":{"line":1,"column":0},"end":{"line":1,"column":null}}},"fnMap":{"0":{"name":"Avatar","decl":{"start":{"line":8,"column":9},"end":{"line":8,"column":16}},"loc":{"start":{"line":8,"column":90},"end":{"line":16,"column":null}},"line":8},"1":{"name":"AvatarImage","decl":{"start":{"line":18,"column":9},"end":{"line":18,"column":21}},"loc":{"start":{"line":18,"column":96},"end":{"line":26,"column":null}},"line":18},"2":{"name":"AvatarFallback","decl":{"start":{"line":28,"column":9},"end":{"line":28,"column":24}},"loc":{"start":{"line":31,"column":56},"end":{"line":39,"column":null}},"line":31}},"branchMap":{},"s":{"0":1},"f":{"0":4,"1":2,"2":4},"b":{},"meta":{"lastBranch":0,"lastFunction":3,"lastStatement":1,"seen":{"s:1:0:1:Infinity":0,"f:8:9:8:16":0,"f:18:9:18:21":1,"f:28:9:28:24":2}}}
,"C:\\Users\\maxim\\OneDrive\\Bureau\\PROJET CCM\\twitch-event-listener\\front\\src\\components\\ui\\badge.tsx": {"path":"C:\\Users\\maxim\\OneDrive\\Bureau\\PROJET CCM\\twitch-event-listener\\front\\src\\components\\ui\\badge.tsx","statementMap":{"0":{"start":{"line":8,"column":6},"end":{"line":24,"column":null}},"1":{"start":{"line":33,"column":15},"end":{"line":33,"column":null}}},"fnMap":{"0":{"name":"Badge","decl":{"start":{"line":27,"column":9},"end":{"line":27,"column":15}},"loc":{"start":{"line":32,"column":92},"end":{"line":36,"column":null}},"line":32}},"branchMap":{"0":{"loc":{"start":{"line":30,"column":2},"end":{"line":30,"column":17}},"type":"default-arg","locations":[{"start":{"line":30,"column":12},"end":{"line":30,"column":17}}],"line":30},"1":{"loc":{"start":{"line":33,"column":15},"end":{"line":33,"column":null}},"type":"cond-expr","locations":[{"start":{"line":33,"column":25},"end":{"line":33,"column":32}},{"start":{"line":33,"column":32},"end":{"line":33,"column":null}}],"line":33}},"s":{"0":2,"1":10},"f":{"0":10},"b":{"0":[10],"1":[0,10]},"meta":{"lastBranch":2,"lastFunction":1,"lastStatement":2,"seen":{"s:8:6:24:Infinity":0,"f:27:9:27:15":0,"b:30:12:30:17":0,"s:33:15:33:Infinity":1,"b:33:25:33:32:33:32:33:Infinity":1}}}
,"C:\\Users\\maxim\\OneDrive\\Bureau\\PROJET CCM\\twitch-event-listener\\front\\src\\components\\ui\\breadcrumb.tsx": {"path":"C:\\Users\\maxim\\OneDrive\\Bureau\\PROJET CCM\\twitch-event-listener\\front\\src\\components\\ui\\breadcrumb.tsx","statementMap":{"0":{"start":{"line":41,"column":15},"end":{"line":41,"column":null}}},"fnMap":{"0":{"name":"Breadcrumb","decl":{"start":{"line":7,"column":9},"end":{"line":7,"column":20}},"loc":{"start":{"line":7,"column":61},"end":{"line":9,"column":null}},"line":7},"1":{"name":"BreadcrumbList","decl":{"start":{"line":11,"column":9},"end":{"line":11,"column":24}},"loc":{"start":{"line":11,"column":75},"end":{"line":22,"column":null}},"line":11},"2":{"name":"BreadcrumbItem","decl":{"start":{"line":24,"column":9},"end":{"line":24,"column":24}},"loc":{"start":{"line":24,"column":75},"end":{"line":32,"column":null}},"line":24},"3":{"name":"BreadcrumbLink","decl":{"start":{"line":34,"column":9},"end":{"line":34,"column":24}},"loc":{"start":{"line":40,"column":1},"end":{"line":50,"column":null}},"line":40},"4":{"name":"BreadcrumbPage","decl":{"start":{"line":52,"column":9},"end":{"line":52,"column":24}},"loc":{"start":{"line":52,"column":77},"end":{"line":62,"column":null}},"line":52},"5":{"name":"BreadcrumbSeparator","decl":{"start":{"line":64,"column":9},"end":{"line":64,"column":29}},"loc":{"start":{"line":64,"column":90},"end":{"line":75,"column":null}},"line":64},"6":{"name":"BreadcrumbEllipsis","decl":{"start":{"line":77,"column":9},"end":{"line":77,"column":28}},"loc":{"start":{"line":77,"column":81},"end":{"line":89,"column":null}},"line":77}},"branchMap":{"0":{"loc":{"start":{"line":41,"column":15},"end":{"line":41,"column":null}},"type":"cond-expr","locations":[{"start":{"line":41,"column":25},"end":{"line":41,"column":32}},{"start":{"line":41,"column":32},"end":{"line":41,"column":null}}],"line":41}},"s":{"0":6},"f":{"0":4,"1":4,"2":10,"3":6,"4":4,"5":6,"6":0},"b":{"0":[0,6]},"meta":{"lastBranch":1,"lastFunction":7,"lastStatement":1,"seen":{"f:7:9:7:20":0,"f:11:9:11:24":1,"f:24:9:24:24":2,"f:34:9:34:24":3,"s:41:15:41:Infinity":0,"b:41:25:41:32:41:32:41:Infinity":0,"f:52:9:52:24":4,"f:64:9:64:29":5,"f:77:9:77:28":6}}}
,"C:\\Users\\maxim\\OneDrive\\Bureau\\PROJET CCM\\twitch-event-listener\\front\\src\\components\\ui\\button.tsx": {"path":"C:\\Users\\maxim\\OneDrive\\Bureau\\PROJET CCM\\twitch-event-listener\\front\\src\\components\\ui\\button.tsx","statementMap":{"0":{"start":{"line":8,"column":6},"end":{"line":33,"column":null}},"1":{"start":{"line":46,"column":15},"end":{"line":46,"column":null}}},"fnMap":{"0":{"name":"Button","decl":{"start":{"line":36,"column":9},"end":{"line":36,"column":16}},"loc":{"start":{"line":45,"column":3},"end":{"line":55,"column":null}},"line":45}},"branchMap":{"0":{"loc":{"start":{"line":40,"column":2},"end":{"line":40,"column":17}},"type":"default-arg","locations":[{"start":{"line":40,"column":12},"end":{"line":40,"column":17}}],"line":40},"1":{"loc":{"start":{"line":46,"column":15},"end":{"line":46,"column":null}},"type":"cond-expr","locations":[{"start":{"line":46,"column":25},"end":{"line":46,"column":32}},{"start":{"line":46,"column":32},"end":{"line":46,"column":null}}],"line":46}},"s":{"0":9,"1":76},"f":{"0":76},"b":{"0":[76],"1":[0,76]},"meta":{"lastBranch":2,"lastFunction":1,"lastStatement":2,"seen":{"s:8:6:33:Infinity":0,"f:36:9:36:16":0,"b:40:12:40:17":0,"s:46:15:46:Infinity":1,"b:46:25:46:32:46:32:46:Infinity":1}}}
,"C:\\Users\\maxim\\OneDrive\\Bureau\\PROJET CCM\\twitch-event-listener\\front\\src\\components\\ui\\calendar.tsx": {"path":"C:\\Users\\maxim\\OneDrive\\Bureau\\PROJET CCM\\twitch-event-listener\\front\\src\\components\\ui\\calendar.tsx","statementMap":{"0":{"start":{"line":1,"column":0},"end":{"line":1,"column":null}}},"fnMap":{"0":{"name":"Calendar","decl":{"start":{"line":10,"column":9},"end":{"line":10,"column":18}},"loc":{"start":{"line":15,"column":41},"end":{"line":65,"column":null}},"line":15},"1":{"name":"CalendarChevron","decl":{"start":{"line":67,"column":9},"end":{"line":67,"column":25}},"loc":{"start":{"line":67,"column":90},"end":{"line":69,"column":null}},"line":67}},"branchMap":{"0":{"loc":{"start":{"line":13,"column":2},"end":{"line":13,"column":24}},"type":"default-arg","locations":[{"start":{"line":13,"column":20},"end":{"line":13,"column":24}}],"line":13},"1":{"loc":{"start":{"line":38,"column":10},"end":{"line":40,"column":null}},"type":"cond-expr","locations":[{"start":{"line":39,"column":14},"end":{"line":39,"column":null}},{"start":{"line":40,"column":14},"end":{"line":40,"column":null}}],"line":38}},"s":{"0":2},"f":{"0":6,"1":24},"b":{"0":[6],"1":[0,6]},"meta":{"lastBranch":2,"lastFunction":2,"lastStatement":1,"seen":{"s:1:0:1:Infinity":0,"f:10:9:10:18":0,"b:13:20:13:24":0,"b:39:14:39:Infinity:40:14:40:Infinity":1,"f:67:9:67:25":1}}}
,"C:\\Users\\maxim\\OneDrive\\Bureau\\PROJET CCM\\twitch-event-listener\\front\\src\\components\\ui\\card.tsx": {"path":"C:\\Users\\maxim\\OneDrive\\Bureau\\PROJET CCM\\twitch-event-listener\\front\\src\\components\\ui\\card.tsx","statementMap":{"0":{"start":{"line":5,"column":13},"end":{"line":18,"column":null}},"1":{"start":{"line":20,"column":19},"end":{"line":31,"column":null}},"2":{"start":{"line":33,"column":18},"end":{"line":39,"column":null}},"3":{"start":{"line":41,"column":24},"end":{"line":45,"column":null}},"4":{"start":{"line":47,"column":19},"end":{"line":55,"column":null}},"5":{"start":{"line":57,"column":20},"end":{"line":65,"column":null}},"6":{"start":{"line":67,"column":19},"end":{"line":75,"column":null}}},"fnMap":{"0":{"name":"(anonymous_0)","decl":{"start":{"line":5,"column":13},"end":{"line":5,"column":14}},"loc":{"start":{"line":5,"column":76},"end":{"line":18,"column":null}},"line":5},"1":{"name":"(anonymous_1)","decl":{"start":{"line":20,"column":19},"end":{"line":20,"column":20}},"loc":{"start":{"line":20,"column":72},"end":{"line":31,"column":null}},"line":20},"2":{"name":"(anonymous_2)","decl":{"start":{"line":33,"column":18},"end":{"line":33,"column":19}},"loc":{"start":{"line":33,"column":81},"end":{"line":39,"column":null}},"line":33},"3":{"name":"(anonymous_3)","decl":{"start":{"line":41,"column":24},"end":{"line":41,"column":25}},"loc":{"start":{"line":41,"column":77},"end":{"line":45,"column":null}},"line":41},"4":{"name":"(anonymous_4)","decl":{"start":{"line":47,"column":19},"end":{"line":47,"column":20}},"loc":{"start":{"line":47,"column":72},"end":{"line":55,"column":null}},"line":47},"5":{"name":"(anonymous_5)","decl":{"start":{"line":57,"column":20},"end":{"line":57,"column":21}},"loc":{"start":{"line":57,"column":73},"end":{"line":65,"column":null}},"line":57},"6":{"name":"(anonymous_6)","decl":{"start":{"line":67,"column":19},"end":{"line":67,"column":20}},"loc":{"start":{"line":67,"column":72},"end":{"line":75,"column":null}},"line":67}},"branchMap":{},"s":{"0":1,"1":1,"2":1,"3":1,"4":1,"5":1,"6":1},"f":{"0":8,"1":8,"2":8,"3":4,"4":4,"5":4,"6":4},"b":{},"meta":{"lastBranch":0,"lastFunction":7,"lastStatement":7,"seen":{"s:5:13:18:Infinity":0,"f:5:13:5:14":0,"s:20:19:31:Infinity":1,"f:20:19:20:20":1,"s:33:18:39:Infinity":2,"f:33:18:33:19":2,"s:41:24:45:Infinity":3,"f:41:24:41:25":3,"s:47:19:55:Infinity":4,"f:47:19:47:20":4,"s:57:20:65:Infinity":5,"f:57:20:57:21":5,"s:67:19:75:Infinity":6,"f:67:19:67:20":6}}}
,"C:\\Users\\maxim\\OneDrive\\Bureau\\PROJET CCM\\twitch-event-listener\\front\\src\\components\\ui\\carousel.tsx": {"path":"C:\\Users\\maxim\\OneDrive\\Bureau\\PROJET CCM\\twitch-event-listener\\front\\src\\components\\ui\\carousel.tsx","statementMap":{"0":{"start":{"line":1,"column":0},"end":{"line":1,"column":null}},"1":{"start":{"line":31,"column":24},"end":{"line":31,"column":null}},"2":{"start":{"line":34,"column":18},"end":{"line":34,"column":null}},"3":{"start":{"line":36,"column":2},"end":{"line":38,"column":null}},"4":{"start":{"line":37,"column":4},"end":{"line":37,"column":null}},"5":{"start":{"line":40,"column":2},"end":{"line":40,"column":null}},"6":{"start":{"line":52,"column":26},"end":{"line":57,"column":null}},"7":{"start":{"line":59,"column":44},"end":{"line":59,"column":null}},"8":{"start":{"line":60,"column":44},"end":{"line":60,"column":null}},"9":{"start":{"line":62,"column":19},"end":{"line":66,"column":null}},"10":{"start":{"line":63,"column":4},"end":{"line":63,"column":null}},"11":{"start":{"line":63,"column":14},"end":{"line":63,"column":null}},"12":{"start":{"line":64,"column":4},"end":{"line":64,"column":null}},"13":{"start":{"line":65,"column":4},"end":{"line":65,"column":null}},"14":{"start":{"line":68,"column":21},"end":{"line":70,"column":null}},"15":{"start":{"line":69,"column":4},"end":{"line":69,"column":null}},"16":{"start":{"line":72,"column":21},"end":{"line":74,"column":null}},"17":{"start":{"line":73,"column":4},"end":{"line":73,"column":null}},"18":{"start":{"line":76,"column":24},"end":{"line":86,"column":null}},"19":{"start":{"line":78,"column":6},"end":{"line":84,"column":null}},"20":{"start":{"line":79,"column":8},"end":{"line":79,"column":null}},"21":{"start":{"line":80,"column":8},"end":{"line":80,"column":null}},"22":{"start":{"line":81,"column":13},"end":{"line":84,"column":null}},"23":{"start":{"line":82,"column":8},"end":{"line":82,"column":null}},"24":{"start":{"line":83,"column":8},"end":{"line":83,"column":null}},"25":{"start":{"line":89,"column":2},"end":{"line":92,"column":null}},"26":{"start":{"line":90,"column":4},"end":{"line":90,"column":null}},"27":{"start":{"line":90,"column":25},"end":{"line":90,"column":null}},"28":{"start":{"line":91,"column":4},"end":{"line":91,"column":null}},"29":{"start":{"line":94,"column":2},"end":{"line":103,"column":null}},"30":{"start":{"line":95,"column":4},"end":{"line":95,"column":null}},"31":{"start":{"line":95,"column":14},"end":{"line":95,"column":null}},"32":{"start":{"line":96,"column":4},"end":{"line":96,"column":null}},"33":{"start":{"line":97,"column":4},"end":{"line":97,"column":null}},"34":{"start":{"line":98,"column":4},"end":{"line":98,"column":null}},"35":{"start":{"line":100,"column":4},"end":{"line":102,"column":null}},"36":{"start":{"line":101,"column":6},"end":{"line":101,"column":null}},"37":{"start":{"line":105,"column":23},"end":{"line":116,"column":null}},"38":{"start":{"line":106,"column":11},"end":{"line":115,"column":null}},"39":{"start":{"line":136,"column":39},"end":{"line":136,"column":null}},"40":{"start":{"line":149,"column":26},"end":{"line":149,"column":null}},"41":{"start":{"line":171,"column":53},"end":{"line":171,"column":null}},"42":{"start":{"line":201,"column":53},"end":{"line":201,"column":null}}},"fnMap":{"0":{"name":"useCarousel","decl":{"start":{"line":33,"column":9},"end":{"line":33,"column":null}},"loc":{"start":{"line":33,"column":9},"end":{"line":41,"column":null}},"line":33},"1":{"name":"Carousel","decl":{"start":{"line":43,"column":9},"end":{"line":43,"column":18}},"loc":{"start":{"line":51,"column":50},"end":{"line":133,"column":null}},"line":51},"2":{"name":"(anonymous_2)","decl":{"start":{"line":62,"column":37},"end":{"line":62,"column":38}},"loc":{"start":{"line":62,"column":38},"end":{"line":66,"column":5}},"line":62},"3":{"name":"(anonymous_3)","decl":{"start":{"line":68,"column":39},"end":{"line":68,"column":null}},"loc":{"start":{"line":68,"column":39},"end":{"line":70,"column":5}},"line":68},"4":{"name":"(anonymous_4)","decl":{"start":{"line":72,"column":39},"end":{"line":72,"column":null}},"loc":{"start":{"line":72,"column":39},"end":{"line":74,"column":5}},"line":72},"5":{"name":"(anonymous_5)","decl":{"start":{"line":77,"column":4},"end":{"line":77,"column":5}},"loc":{"start":{"line":77,"column":5},"end":{"line":85,"column":null}},"line":77},"6":{"name":"(anonymous_6)","decl":{"start":{"line":89,"column":18},"end":{"line":89,"column":null}},"loc":{"start":{"line":89,"column":18},"end":{"line":92,"column":5}},"line":89},"7":{"name":"(anonymous_7)","decl":{"start":{"line":94,"column":18},"end":{"line":94,"column":null}},"loc":{"start":{"line":94,"column":18},"end":{"line":103,"column":5}},"line":94},"8":{"name":"(anonymous_8)","decl":{"start":{"line":100,"column":11},"end":{"line":100,"column":null}},"loc":{"start":{"line":100,"column":11},"end":{"line":102,"column":null}},"line":100},"9":{"name":"(anonymous_9)","decl":{"start":{"line":106,"column":4},"end":{"line":106,"column":11}},"loc":{"start":{"line":106,"column":11},"end":{"line":115,"column":null}},"line":106},"10":{"name":"CarouselContent","decl":{"start":{"line":135,"column":9},"end":{"line":135,"column":25}},"loc":{"start":{"line":135,"column":76},"end":{"line":146,"column":null}},"line":135},"11":{"name":"CarouselItem","decl":{"start":{"line":148,"column":9},"end":{"line":148,"column":22}},"loc":{"start":{"line":148,"column":73},"end":{"line":163,"column":null}},"line":148},"12":{"name":"CarouselPrevious","decl":{"start":{"line":165,"column":9},"end":{"line":165,"column":26}},"loc":{"start":{"line":170,"column":38},"end":{"line":193,"column":null}},"line":170},"13":{"name":"CarouselNext","decl":{"start":{"line":195,"column":9},"end":{"line":195,"column":22}},"loc":{"start":{"line":200,"column":38},"end":{"line":223,"column":null}},"line":200}},"branchMap":{"0":{"loc":{"start":{"line":36,"column":2},"end":{"line":38,"column":null}},"type":"if","locations":[{"start":{"line":36,"column":2},"end":{"line":38,"column":null}},{"start":{},"end":{}}],"line":36},"1":{"loc":{"start":{"line":44,"column":2},"end":{"line":44,"column":28}},"type":"default-arg","locations":[{"start":{"line":44,"column":16},"end":{"line":44,"column":28}}],"line":44},"2":{"loc":{"start":{"line":55,"column":12},"end":{"line":55,"column":null}},"type":"cond-expr","locations":[{"start":{"line":55,"column":43},"end":{"line":55,"column":49}},{"start":{"line":55,"column":49},"end":{"line":55,"column":null}}],"line":55},"3":{"loc":{"start":{"line":63,"column":4},"end":{"line":63,"column":null}},"type":"if","locations":[{"start":{"line":63,"column":4},"end":{"line":63,"column":null}},{"start":{},"end":{}}],"line":63},"4":{"loc":{"start":{"line":78,"column":6},"end":{"line":84,"column":null}},"type":"if","locations":[{"start":{"line":78,"column":6},"end":{"line":84,"column":null}},{"start":{"line":81,"column":13},"end":{"line":84,"column":null}}],"line":78},"5":{"loc":{"start":{"line":81,"column":13},"end":{"line":84,"column":null}},"type":"if","locations":[{"start":{"line":81,"column":13},"end":{"line":84,"column":null}},{"start":{},"end":{}}],"line":81},"6":{"loc":{"start":{"line":90,"column":4},"end":{"line":90,"column":null}},"type":"if","locations":[{"start":{"line":90,"column":4},"end":{"line":90,"column":null}},{"start":{},"end":{}}],"line":90},"7":{"loc":{"start":{"line":90,"column":8},"end":{"line":90,"column":25}},"type":"binary-expr","locations":[{"start":{"line":90,"column":8},"end":{"line":90,"column":16}},{"start":{"line":90,"column":16},"end":{"line":90,"column":25}}],"line":90},"8":{"loc":{"start":{"line":95,"column":4},"end":{"line":95,"column":null}},"type":"if","locations":[{"start":{"line":95,"column":4},"end":{"line":95,"column":null}},{"start":{},"end":{}}],"line":95},"9":{"loc":{"start":{"line":110,"column":19},"end":{"line":110,"column":null}},"type":"binary-expr","locations":[{"start":{"line":110,"column":19},"end":{"line":110,"column":35}},{"start":{"line":110,"column":35},"end":{"line":110,"column":80}}],"line":110},"10":{"loc":{"start":{"line":110,"column":35},"end":{"line":110,"column":80}},"type":"cond-expr","locations":[{"start":{"line":110,"column":56},"end":{"line":110,"column":69}},{"start":{"line":110,"column":69},"end":{"line":110,"column":80}}],"line":110},"11":{"loc":{"start":{"line":141,"column":30},"end":{"line":141,"column":89}},"type":"cond-expr","locations":[{"start":{"line":141,"column":61},"end":{"line":141,"column":71}},{"start":{"line":141,"column":71},"end":{"line":141,"column":89}}],"line":141},"12":{"loc":{"start":{"line":157,"column":8},"end":{"line":157,"column":null}},"type":"cond-expr","locations":[{"start":{"line":157,"column":39},"end":{"line":157,"column":48}},{"start":{"line":157,"column":48},"end":{"line":157,"column":null}}],"line":157},"13":{"loc":{"start":{"line":167,"column":2},"end":{"line":167,"column":21}},"type":"default-arg","locations":[{"start":{"line":167,"column":12},"end":{"line":167,"column":21}}],"line":167},"14":{"loc":{"start":{"line":168,"column":2},"end":{"line":168,"column":15}},"type":"default-arg","locations":[{"start":{"line":168,"column":9},"end":{"line":168,"column":15}}],"line":168},"15":{"loc":{"start":{"line":180,"column":8},"end":{"line":182,"column":null}},"type":"cond-expr","locations":[{"start":{"line":181,"column":12},"end":{"line":181,"column":null}},{"start":{"line":182,"column":12},"end":{"line":182,"column":null}}],"line":180},"16":{"loc":{"start":{"line":197,"column":2},"end":{"line":197,"column":21}},"type":"default-arg","locations":[{"start":{"line":197,"column":12},"end":{"line":197,"column":21}}],"line":197},"17":{"loc":{"start":{"line":198,"column":2},"end":{"line":198,"column":15}},"type":"default-arg","locations":[{"start":{"line":198,"column":9},"end":{"line":198,"column":15}}],"line":198},"18":{"loc":{"start":{"line":210,"column":8},"end":{"line":212,"column":null}},"type":"cond-expr","locations":[{"start":{"line":211,"column":12},"end":{"line":211,"column":null}},{"start":{"line":212,"column":12},"end":{"line":212,"column":null}}],"line":210}},"s":{"0":2,"1":2,"2":218,"3":218,"4":0,"5":218,"6":86,"7":86,"8":86,"9":86,"10":29,"11":0,"12":29,"13":29,"14":86,"15":1,"16":86,"17":1,"18":86,"19":0,"20":0,"21":0,"22":0,"23":0,"24":0,"25":86,"26":29,"27":27,"28":2,"29":86,"30":29,"31":0,"32":29,"33":29,"34":29,"35":29,"36":29,"37":86,"38":129,"39":58,"40":116,"41":22,"42":22},"f":{"0":218,"1":86,"2":29,"3":1,"4":1,"5":0,"6":29,"7":29,"8":29,"9":129,"10":58,"11":116,"12":22,"13":22},"b":{"0":[0,218],"1":[86],"2":[80,6],"3":[0,29],"4":[0,0],"5":[0,0],"6":[27,2],"7":[29,29],"8":[0,29],"9":[129,0],"10":[0,0],"11":[54,4],"12":[108,8],"13":[22],"14":[22],"15":[22,0],"16":[22],"17":[22],"18":[22,0]},"meta":{"lastBranch":19,"lastFunction":14,"lastStatement":43,"seen":{"s:1:0:1:Infinity":0,"s:31:24:31:Infinity":1,"f:33:9:33:Infinity":0,"s:34:18:34:Infinity":2,"b:36:2:38:Infinity:undefined:undefined:undefined:undefined":0,"s:36:2:38:Infinity":3,"s:37:4:37:Infinity":4,"s:40:2:40:Infinity":5,"f:43:9:43:18":1,"b:44:16:44:28":1,"s:52:26:57:Infinity":6,"b:55:43:55:49:55:49:55:Infinity":2,"s:59:44:59:Infinity":7,"s:60:44:60:Infinity":8,"s:62:19:66:Infinity":9,"f:62:37:62:38":2,"b:63:4:63:Infinity:undefined:undefined:undefined:undefined":3,"s:63:4:63:Infinity":10,"s:63:14:63:Infinity":11,"s:64:4:64:Infinity":12,"s:65:4:65:Infinity":13,"s:68:21:70:Infinity":14,"f:68:39:68:Infinity":3,"s:69:4:69:Infinity":15,"s:72:21:74:Infinity":16,"f:72:39:72:Infinity":4,"s:73:4:73:Infinity":17,"s:76:24:86:Infinity":18,"f:77:4:77:5":5,"b:78:6:84:Infinity:81:13:84:Infinity":4,"s:78:6:84:Infinity":19,"s:79:8:79:Infinity":20,"s:80:8:80:Infinity":21,"b:81:13:84:Infinity:undefined:undefined:undefined:undefined":5,"s:81:13:84:Infinity":22,"s:82:8:82:Infinity":23,"s:83:8:83:Infinity":24,"s:89:2:92:Infinity":25,"f:89:18:89:Infinity":6,"b:90:4:90:Infinity:undefined:undefined:undefined:undefined":6,"s:90:4:90:Infinity":26,"b:90:8:90:16:90:16:90:25":7,"s:90:25:90:Infinity":27,"s:91:4:91:Infinity":28,"s:94:2:103:Infinity":29,"f:94:18:94:Infinity":7,"b:95:4:95:Infinity:undefined:undefined:undefined:undefined":8,"s:95:4:95:Infinity":30,"s:95:14:95:Infinity":31,"s:96:4:96:Infinity":32,"s:97:4:97:Infinity":33,"s:98:4:98:Infinity":34,"s:100:4:102:Infinity":35,"f:100:11:100:Infinity":8,"s:101:6:101:Infinity":36,"s:105:23:116:Infinity":37,"f:106:4:106:11":9,"s:106:11:115:Infinity":38,"b:110:19:110:35:110:35:110:80":9,"b:110:56:110:69:110:69:110:80":10,"f:135:9:135:25":10,"s:136:39:136:Infinity":39,"b:141:61:141:71:141:71:141:89":11,"f:148:9:148:22":11,"s:149:26:149:Infinity":40,"b:157:39:157:48:157:48:157:Infinity":12,"f:165:9:165:26":12,"b:167:12:167:21":13,"b:168:9:168:15":14,"s:171:53:171:Infinity":41,"b:181:12:181:Infinity:182:12:182:Infinity":15,"f:195:9:195:22":13,"b:197:12:197:21":16,"b:198:9:198:15":17,"s:201:53:201:Infinity":42,"b:211:12:211:Infinity:212:12:212:Infinity":18}}}
,"C:\\Users\\maxim\\OneDrive\\Bureau\\PROJET CCM\\twitch-event-listener\\front\\src\\components\\ui\\chart.tsx": {"path":"C:\\Users\\maxim\\OneDrive\\Bureau\\PROJET CCM\\twitch-event-listener\\front\\src\\components\\ui\\chart.tsx","statementMap":{"0":{"start":{"line":1,"column":0},"end":{"line":1,"column":null}},"1":{"start":{"line":9,"column":15},"end":{"line":9,"column":null}},"2":{"start":{"line":25,"column":21},"end":{"line":25,"column":null}},"3":{"start":{"line":28,"column":18},"end":{"line":28,"column":null}},"4":{"start":{"line":30,"column":2},"end":{"line":32,"column":null}},"5":{"start":{"line":31,"column":4},"end":{"line":31,"column":null}},"6":{"start":{"line":34,"column":2},"end":{"line":34,"column":null}},"7":{"start":{"line":47,"column":19},"end":{"line":47,"column":null}},"8":{"start":{"line":48,"column":18},"end":{"line":48,"column":63}},"9":{"start":{"line":50,"column":23},"end":{"line":50,"column":null}},"10":{"start":{"line":50,"column":44},"end":{"line":50,"column":57}},"11":{"start":{"line":70,"column":19},"end":{"line":97,"column":null}},"12":{"start":{"line":71,"column":22},"end":{"line":71,"column":null}},"13":{"start":{"line":71,"column":68},"end":{"line":71,"column":96}},"14":{"start":{"line":73,"column":2},"end":{"line":75,"column":null}},"15":{"start":{"line":74,"column":4},"end":{"line":74,"column":null}},"16":{"start":{"line":82,"column":33},"end":{"line":91,"column":1}},"17":{"start":{"line":86,"column":18},"end":{"line":86,"column":96}},"18":{"start":{"line":87,"column":4},"end":{"line":87,"column":null}},"19":{"start":{"line":99,"column":21},"end":{"line":99,"column":46}},"20":{"start":{"line":123,"column":21},"end":{"line":123,"column":null}},"21":{"start":{"line":125,"column":23},"end":{"line":147,"column":null}},"22":{"start":{"line":126,"column":4},"end":{"line":128,"column":null}},"23":{"start":{"line":127,"column":6},"end":{"line":127,"column":null}},"24":{"start":{"line":130,"column":19},"end":{"line":130,"column":null}},"25":{"start":{"line":131,"column":16},"end":{"line":131,"column":71}},"26":{"start":{"line":132,"column":23},"end":{"line":132,"column":null}},"27":{"start":{"line":134,"column":6},"end":{"line":134,"column":null}},"28":{"start":{"line":136,"column":4},"end":{"line":140,"column":null}},"29":{"start":{"line":142,"column":4},"end":{"line":144,"column":null}},"30":{"start":{"line":143,"column":6},"end":{"line":143,"column":null}},"31":{"start":{"line":149,"column":2},"end":{"line":151,"column":null}},"32":{"start":{"line":150,"column":4},"end":{"line":150,"column":null}},"33":{"start":{"line":153,"column":20},"end":{"line":153,"column":null}},"34":{"start":{"line":165,"column":22},"end":{"line":165,"column":74}},"35":{"start":{"line":166,"column":29},"end":{"line":166,"column":null}},"36":{"start":{"line":167,"column":33},"end":{"line":167,"column":73}},"37":{"start":{"line":233,"column":20},"end":{"line":233,"column":44}},"38":{"start":{"line":246,"column":21},"end":{"line":246,"column":null}},"39":{"start":{"line":248,"column":2},"end":{"line":250,"column":null}},"40":{"start":{"line":249,"column":4},"end":{"line":249,"column":null}},"41":{"start":{"line":261,"column":20},"end":{"line":261,"column":59}},"42":{"start":{"line":262,"column":27},"end":{"line":262,"column":null}},"43":{"start":{"line":291,"column":2},"end":{"line":293,"column":null}},"44":{"start":{"line":292,"column":4},"end":{"line":292,"column":null}},"45":{"start":{"line":296,"column":4},"end":{"line":298,"column":null}},"46":{"start":{"line":300,"column":31},"end":{"line":300,"column":null}},"47":{"start":{"line":302,"column":2},"end":{"line":310,"column":null}},"48":{"start":{"line":303,"column":4},"end":{"line":303,"column":null}},"49":{"start":{"line":304,"column":9},"end":{"line":310,"column":null}},"50":{"start":{"line":309,"column":4},"end":{"line":309,"column":null}},"51":{"start":{"line":312,"column":2},"end":{"line":312,"column":null}}},"fnMap":{"0":{"name":"useChart","decl":{"start":{"line":27,"column":9},"end":{"line":27,"column":null}},"loc":{"start":{"line":27,"column":9},"end":{"line":35,"column":null}},"line":27},"1":{"name":"ChartContainer","decl":{"start":{"line":37,"column":9},"end":{"line":37,"column":24}},"loc":{"start":{"line":46,"column":1},"end":{"line":68,"column":null}},"line":46},"2":{"name":"(anonymous_2)","decl":{"start":{"line":50,"column":37},"end":{"line":50,"column":44}},"loc":{"start":{"line":50,"column":44},"end":{"line":50,"column":57}},"line":50},"3":{"name":"(anonymous_3)","decl":{"start":{"line":70,"column":19},"end":{"line":70,"column":20}},"loc":{"start":{"line":70,"column":71},"end":{"line":97,"column":null}},"line":70},"4":{"name":"(anonymous_4)","decl":{"start":{"line":71,"column":52},"end":{"line":71,"column":53}},"loc":{"start":{"line":71,"column":68},"end":{"line":71,"column":96}},"line":71},"5":{"name":"(anonymous_5)","decl":{"start":{"line":82,"column":12},"end":{"line":82,"column":13}},"loc":{"start":{"line":82,"column":33},"end":{"line":91,"column":1}},"line":82},"6":{"name":"(anonymous_6)","decl":{"start":{"line":85,"column":7},"end":{"line":85,"column":8}},"loc":{"start":{"line":85,"column":25},"end":{"line":88,"column":null}},"line":85},"7":{"name":"ChartTooltipContent","decl":{"start":{"line":101,"column":9},"end":{"line":101,"column":29}},"loc":{"start":{"line":122,"column":3},"end":{"line":231,"column":null}},"line":122},"8":{"name":"(anonymous_8)","decl":{"start":{"line":125,"column":37},"end":{"line":125,"column":null}},"loc":{"start":{"line":125,"column":37},"end":{"line":147,"column":5}},"line":125},"9":{"name":"(anonymous_9)","decl":{"start":{"line":164,"column":21},"end":{"line":164,"column":22}},"loc":{"start":{"line":164,"column":28},"end":{"line":227,"column":null}},"line":164},"10":{"name":"ChartLegendContent","decl":{"start":{"line":235,"column":9},"end":{"line":235,"column":28}},"loc":{"start":{"line":245,"column":3},"end":{"line":287,"column":null}},"line":245},"11":{"name":"(anonymous_11)","decl":{"start":{"line":260,"column":19},"end":{"line":260,"column":null}},"loc":{"start":{"line":260,"column":19},"end":{"line":284,"column":null}},"line":260},"12":{"name":"getPayloadConfigFromPayload","decl":{"start":{"line":290,"column":9},"end":{"line":290,"column":37}},"loc":{"start":{"line":290,"column":87},"end":{"line":313,"column":null}},"line":290}},"branchMap":{"0":{"loc":{"start":{"line":30,"column":2},"end":{"line":32,"column":null}},"type":"if","locations":[{"start":{"line":30,"column":2},"end":{"line":32,"column":null}},{"start":{},"end":{}}],"line":30},"1":{"loc":{"start":{"line":48,"column":27},"end":{"line":48,"column":63}},"type":"binary-expr","locations":[{"start":{"line":48,"column":27},"end":{"line":48,"column":33}},{"start":{"line":48,"column":33},"end":{"line":48,"column":63}}],"line":48},"2":{"loc":{"start":{"line":71,"column":68},"end":{"line":71,"column":96}},"type":"binary-expr","locations":[{"start":{"line":71,"column":68},"end":{"line":71,"column":80}},{"start":{"line":71,"column":84},"end":{"line":71,"column":96}}],"line":71},"3":{"loc":{"start":{"line":73,"column":2},"end":{"line":75,"column":null}},"type":"if","locations":[{"start":{"line":73,"column":2},"end":{"line":75,"column":null}},{"start":{},"end":{}}],"line":73},"4":{"loc":{"start":{"line":86,"column":18},"end":{"line":86,"column":96}},"type":"binary-expr","locations":[{"start":{"line":86,"column":18},"end":{"line":86,"column":76}},{"start":{"line":86,"column":80},"end":{"line":86,"column":96}}],"line":86},"5":{"loc":{"start":{"line":87,"column":11},"end":{"line":87,"column":null}},"type":"cond-expr","locations":[{"start":{"line":87,"column":19},"end":{"line":87,"column":48}},{"start":{"line":87,"column":51},"end":{"line":87,"column":null}}],"line":87},"6":{"loc":{"start":{"line":105,"column":2},"end":{"line":105,"column":19}},"type":"default-arg","locations":[{"start":{"line":105,"column":14},"end":{"line":105,"column":19}}],"line":105},"7":{"loc":{"start":{"line":106,"column":2},"end":{"line":106,"column":19}},"type":"default-arg","locations":[{"start":{"line":106,"column":14},"end":{"line":106,"column":19}}],"line":106},"8":{"loc":{"start":{"line":107,"column":2},"end":{"line":107,"column":23}},"type":"default-arg","locations":[{"start":{"line":107,"column":18},"end":{"line":107,"column":23}}],"line":107},"9":{"loc":{"start":{"line":126,"column":4},"end":{"line":128,"column":null}},"type":"if","locations":[{"start":{"line":126,"column":4},"end":{"line":128,"column":null}},{"start":{},"end":{}}],"line":126},"10":{"loc":{"start":{"line":126,"column":8},"end":{"line":126,"column":39}},"type":"binary-expr","locations":[{"start":{"line":126,"column":8},"end":{"line":126,"column":21}},{"start":{"line":126,"column":21},"end":{"line":126,"column":39}}],"line":126},"11":{"loc":{"start":{"line":131,"column":19},"end":{"line":131,"column":71}},"type":"binary-expr","locations":[{"start":{"line":131,"column":19},"end":{"line":131,"column":31}},{"start":{"line":131,"column":31},"end":{"line":131,"column":48}},{"start":{"line":131,"column":48},"end":{"line":131,"column":62}},{"start":{"line":131,"column":62},"end":{"line":131,"column":71}}],"line":131},"12":{"loc":{"start":{"line":134,"column":6},"end":{"line":134,"column":null}},"type":"cond-expr","locations":[{"start":{"line":134,"column":47},"end":{"line":134,"column":79}},{"start":{"line":134,"column":79},"end":{"line":134,"column":null}}],"line":134},"13":{"loc":{"start":{"line":134,"column":6},"end":{"line":134,"column":47}},"type":"binary-expr","locations":[{"start":{"line":134,"column":6},"end":{"line":134,"column":19}},{"start":{"line":134,"column":19},"end":{"line":134,"column":47}}],"line":134},"14":{"loc":{"start":{"line":134,"column":47},"end":{"line":134,"column":79}},"type":"binary-expr","locations":[{"start":{"line":134,"column":47},"end":{"line":134,"column":71}},{"start":{"line":134,"column":71},"end":{"line":134,"column":79}}],"line":134},"15":{"loc":{"start":{"line":136,"column":4},"end":{"line":140,"column":null}},"type":"if","locations":[{"start":{"line":136,"column":4},"end":{"line":140,"column":null}},{"start":{},"end":{}}],"line":136},"16":{"loc":{"start":{"line":142,"column":4},"end":{"line":144,"column":null}},"type":"if","locations":[{"start":{"line":142,"column":4},"end":{"line":144,"column":null}},{"start":{},"end":{}}],"line":142},"17":{"loc":{"start":{"line":149,"column":2},"end":{"line":151,"column":null}},"type":"if","locations":[{"start":{"line":149,"column":2},"end":{"line":151,"column":null}},{"start":{},"end":{}}],"line":149},"18":{"loc":{"start":{"line":149,"column":6},"end":{"line":149,"column":35}},"type":"binary-expr","locations":[{"start":{"line":149,"column":6},"end":{"line":149,"column":17}},{"start":{"line":149,"column":17},"end":{"line":149,"column":35}}],"line":149},"19":{"loc":{"start":{"line":153,"column":20},"end":{"line":153,"column":null}},"type":"binary-expr","locations":[{"start":{"line":153,"column":20},"end":{"line":153,"column":44}},{"start":{"line":153,"column":44},"end":{"line":153,"column":null}}],"line":153},"20":{"loc":{"start":{"line":162,"column":7},"end":{"line":162,"column":null}},"type":"cond-expr","locations":[{"start":{"line":162,"column":19},"end":{"line":162,"column":26}},{"start":{"line":162,"column":26},"end":{"line":162,"column":null}}],"line":162},"21":{"loc":{"start":{"line":165,"column":25},"end":{"line":165,"column":74}},"type":"binary-expr","locations":[{"start":{"line":165,"column":25},"end":{"line":165,"column":36}},{"start":{"line":165,"column":36},"end":{"line":165,"column":45}},{"start":{"line":165,"column":49},"end":{"line":165,"column":61}},{"start":{"line":165,"column":65},"end":{"line":165,"column":74}}],"line":165},"22":{"loc":{"start":{"line":167,"column":33},"end":{"line":167,"column":73}},"type":"binary-expr","locations":[{"start":{"line":167,"column":33},"end":{"line":167,"column":42}},{"start":{"line":167,"column":42},"end":{"line":167,"column":59}},{"start":{"line":167,"column":63},"end":{"line":167,"column":73}}],"line":167},"23":{"loc":{"start":{"line":174,"column":16},"end":{"line":174,"column":null}},"type":"binary-expr","locations":[{"start":{"line":174,"column":16},"end":{"line":174,"column":39}},{"start":{"line":174,"column":39},"end":{"line":174,"column":null}}],"line":174},"24":{"loc":{"start":{"line":177,"column":15},"end":{"line":177,"column":66}},"type":"binary-expr","locations":[{"start":{"line":177,"column":15},"end":{"line":177,"column":28}},{"start":{"line":177,"column":28},"end":{"line":177,"column":57}},{"start":{"line":177,"column":57},"end":{"line":177,"column":66}}],"line":177},"25":{"loc":{"start":{"line":193,"column":38},"end":{"line":193,"column":null}},"type":"binary-expr","locations":[{"start":{"line":193,"column":38},"end":{"line":193,"column":51}},{"start":{"line":193,"column":51},"end":{"line":193,"column":null}}],"line":193},"26":{"loc":{"start":{"line":208,"column":22},"end":{"line":208,"column":null}},"type":"cond-expr","locations":[{"start":{"line":208,"column":34},"end":{"line":208,"column":48}},{"start":{"line":208,"column":48},"end":{"line":208,"column":null}}],"line":208},"27":{"loc":{"start":{"line":212,"column":23},"end":{"line":212,"column":null}},"type":"cond-expr","locations":[{"start":{"line":212,"column":35},"end":{"line":212,"column":50}},{"start":{"line":212,"column":50},"end":{"line":212,"column":null}}],"line":212},"28":{"loc":{"start":{"line":214,"column":25},"end":{"line":214,"column":null}},"type":"binary-expr","locations":[{"start":{"line":214,"column":25},"end":{"line":214,"column":46}},{"start":{"line":214,"column":46},"end":{"line":214,"column":null}}],"line":214},"29":{"loc":{"start":{"line":237,"column":2},"end":{"line":237,"column":18}},"type":"default-arg","locations":[{"start":{"line":237,"column":13},"end":{"line":237,"column":18}}],"line":237},"30":{"loc":{"start":{"line":239,"column":2},"end":{"line":239,"column":26}},"type":"default-arg","locations":[{"start":{"line":239,"column":18},"end":{"line":239,"column":26}}],"line":239},"31":{"loc":{"start":{"line":248,"column":2},"end":{"line":250,"column":null}},"type":"if","locations":[{"start":{"line":248,"column":2},"end":{"line":250,"column":null}},{"start":{},"end":{}}],"line":248},"32":{"loc":{"start":{"line":256,"column":8},"end":{"line":256,"column":null}},"type":"cond-expr","locations":[{"start":{"line":256,"column":34},"end":{"line":256,"column":43}},{"start":{"line":256,"column":43},"end":{"line":256,"column":null}}],"line":256},"33":{"loc":{"start":{"line":261,"column":23},"end":{"line":261,"column":59}},"type":"binary-expr","locations":[{"start":{"line":261,"column":23},"end":{"line":261,"column":34}},{"start":{"line":261,"column":34},"end":{"line":261,"column":46}},{"start":{"line":261,"column":50},"end":{"line":261,"column":59}}],"line":261},"34":{"loc":{"start":{"line":271,"column":13},"end":{"line":271,"column":null}},"type":"binary-expr","locations":[{"start":{"line":271,"column":13},"end":{"line":271,"column":33}},{"start":{"line":271,"column":33},"end":{"line":271,"column":null}}],"line":271},"35":{"loc":{"start":{"line":291,"column":2},"end":{"line":293,"column":null}},"type":"if","locations":[{"start":{"line":291,"column":2},"end":{"line":293,"column":null}},{"start":{},"end":{}}],"line":291},"36":{"loc":{"start":{"line":291,"column":6},"end":{"line":291,"column":55}},"type":"binary-expr","locations":[{"start":{"line":291,"column":6},"end":{"line":291,"column":37}},{"start":{"line":291,"column":37},"end":{"line":291,"column":55}}],"line":291},"37":{"loc":{"start":{"line":296,"column":4},"end":{"line":298,"column":null}},"type":"cond-expr","locations":[{"start":{"line":297,"column":8},"end":{"line":297,"column":23}},{"start":{"line":298,"column":8},"end":{"line":298,"column":null}}],"line":296},"38":{"loc":{"start":{"line":296,"column":4},"end":{"line":296,"column":null}},"type":"binary-expr","locations":[{"start":{"line":296,"column":4},"end":{"line":296,"column":28}},{"start":{"line":296,"column":28},"end":{"line":296,"column":67}},{"start":{"line":296,"column":67},"end":{"line":296,"column":null}}],"line":296},"39":{"loc":{"start":{"line":302,"column":2},"end":{"line":310,"column":null}},"type":"if","locations":[{"start":{"line":302,"column":2},"end":{"line":310,"column":null}},{"start":{"line":304,"column":9},"end":{"line":310,"column":null}}],"line":302},"40":{"loc":{"start":{"line":302,"column":6},"end":{"line":302,"column":82}},"type":"binary-expr","locations":[{"start":{"line":302,"column":6},"end":{"line":302,"column":24}},{"start":{"line":302,"column":24},"end":{"line":302,"column":82}}],"line":302},"41":{"loc":{"start":{"line":304,"column":9},"end":{"line":310,"column":null}},"type":"if","locations":[{"start":{"line":304,"column":9},"end":{"line":310,"column":null}},{"start":{},"end":{}}],"line":304},"42":{"loc":{"start":{"line":305,"column":4},"end":{"line":307,"column":null}},"type":"binary-expr","locations":[{"start":{"line":305,"column":4},"end":{"line":305,"column":null}},{"start":{"line":306,"column":4},"end":{"line":306,"column":null}},{"start":{"line":307,"column":4},"end":{"line":307,"column":null}}],"line":305},"43":{"loc":{"start":{"line":312,"column":9},"end":{"line":312,"column":72}},"type":"cond-expr","locations":[{"start":{"line":312,"column":36},"end":{"line":312,"column":58}},{"start":{"line":312,"column":61},"end":{"line":312,"column":72}}],"line":312}},"s":{"0":2,"1":2,"2":2,"3":26,"4":26,"5":0,"6":26,"7":40,"8":40,"9":40,"10":40,"11":2,"12":48,"13":48,"14":48,"15":6,"16":84,"17":92,"18":92,"19":2,"20":16,"21":16,"22":16,"23":6,"24":10,"25":10,"26":16,"27":16,"28":16,"29":10,"30":0,"31":16,"32":4,"33":12,"34":12,"35":12,"36":12,"37":2,"38":10,"39":10,"40":2,"41":8,"42":8,"43":30,"44":0,"45":30,"46":30,"47":30,"48":0,"49":30,"50":0,"51":30},"f":{"0":26,"1":40,"2":40,"3":48,"4":48,"5":84,"6":92,"7":16,"8":16,"9":12,"10":10,"11":8,"12":30},"b":{"0":[0,26],"1":[40,38],"2":[48,44],"3":[6,42],"4":[92,84],"5":[92,0],"6":[16],"7":[16],"8":[16],"9":[6,10],"10":[16,14],"11":[10,10,0,0],"12":[2,8],"13":[16,10],"14":[2,2],"15":[0,16],"16":[0,10],"17":[4,12],"18":[16,14],"19":[12,12],"20":[4,8],"21":[12,12,0,0],"22":[12,12,12],"23":[12,8],"24":[12,0,0],"25":[10,4],"26":[4,8],"27":[4,8],"28":[12,0],"29":[10],"30":[10],"31":[2,8],"32":[2,6],"33":[8,8,0],"34":[8,0],"35":[0,30],"36":[30,30],"37":[22,8],"38":[30,22,22],"39":[0,30],"40":[30,0],"41":[0,30],"42":[30,22,0],"43":[30,0]},"meta":{"lastBranch":44,"lastFunction":13,"lastStatement":52,"seen":{"s:1:0:1:Infinity":0,"s:9:15:9:Infinity":1,"s:25:21:25:Infinity":2,"f:27:9:27:Infinity":0,"s:28:18:28:Infinity":3,"b:30:2:32:Infinity:undefined:undefined:undefined:undefined":0,"s:30:2:32:Infinity":4,"s:31:4:31:Infinity":5,"s:34:2:34:Infinity":6,"f:37:9:37:24":1,"s:47:19:47:Infinity":7,"s:48:18:48:63":8,"b:48:27:48:33:48:33:48:63":1,"s:50:23:50:Infinity":9,"f:50:37:50:44":2,"s:50:44:50:57":10,"s:70:19:97:Infinity":11,"f:70:19:70:20":3,"s:71:22:71:Infinity":12,"f:71:52:71:53":4,"s:71:68:71:96":13,"b:71:68:71:80:71:84:71:96":2,"b:73:2:75:Infinity:undefined:undefined:undefined:undefined":3,"s:73:2:75:Infinity":14,"s:74:4:74:Infinity":15,"f:82:12:82:13":5,"s:82:33:91:1":16,"f:85:7:85:8":6,"s:86:18:86:96":17,"b:86:18:86:76:86:80:86:96":4,"s:87:4:87:Infinity":18,"b:87:19:87:48:87:51:87:Infinity":5,"s:99:21:99:46":19,"f:101:9:101:29":7,"b:105:14:105:19":6,"b:106:14:106:19":7,"b:107:18:107:23":8,"s:123:21:123:Infinity":20,"s:125:23:147:Infinity":21,"f:125:37:125:Infinity":8,"b:126:4:128:Infinity:undefined:undefined:undefined:undefined":9,"s:126:4:128:Infinity":22,"b:126:8:126:21:126:21:126:39":10,"s:127:6:127:Infinity":23,"s:130:19:130:Infinity":24,"s:131:16:131:71":25,"b:131:19:131:31:131:31:131:48:131:48:131:62:131:62:131:71":11,"s:132:23:132:Infinity":26,"s:134:6:134:Infinity":27,"b:134:47:134:79:134:79:134:Infinity":12,"b:134:6:134:19:134:19:134:47":13,"b:134:47:134:71:134:71:134:79":14,"b:136:4:140:Infinity:undefined:undefined:undefined:undefined":15,"s:136:4:140:Infinity":28,"b:142:4:144:Infinity:undefined:undefined:undefined:undefined":16,"s:142:4:144:Infinity":29,"s:143:6:143:Infinity":30,"b:149:2:151:Infinity:undefined:undefined:undefined:undefined":17,"s:149:2:151:Infinity":31,"b:149:6:149:17:149:17:149:35":18,"s:150:4:150:Infinity":32,"s:153:20:153:Infinity":33,"b:153:20:153:44:153:44:153:Infinity":19,"b:162:19:162:26:162:26:162:Infinity":20,"f:164:21:164:22":9,"s:165:22:165:74":34,"b:165:25:165:36:165:36:165:45:165:49:165:61:165:65:165:74":21,"s:166:29:166:Infinity":35,"s:167:33:167:73":36,"b:167:33:167:42:167:42:167:59:167:63:167:73":22,"b:174:16:174:39:174:39:174:Infinity":23,"b:177:15:177:28:177:28:177:57:177:57:177:66":24,"b:193:38:193:51:193:51:193:Infinity":25,"b:208:34:208:48:208:48:208:Infinity":26,"b:212:35:212:50:212:50:212:Infinity":27,"b:214:25:214:46:214:46:214:Infinity":28,"s:233:20:233:44":37,"f:235:9:235:28":10,"b:237:13:237:18":29,"b:239:18:239:26":30,"s:246:21:246:Infinity":38,"b:248:2:250:Infinity:undefined:undefined:undefined:undefined":31,"s:248:2:250:Infinity":39,"s:249:4:249:Infinity":40,"b:256:34:256:43:256:43:256:Infinity":32,"f:260:19:260:Infinity":11,"s:261:20:261:59":41,"b:261:23:261:34:261:34:261:46:261:50:261:59":33,"s:262:27:262:Infinity":42,"b:271:13:271:33:271:33:271:Infinity":34,"f:290:9:290:37":12,"b:291:2:293:Infinity:undefined:undefined:undefined:undefined":35,"s:291:2:293:Infinity":43,"b:291:6:291:37:291:37:291:55":36,"s:292:4:292:Infinity":44,"s:296:4:298:Infinity":45,"b:297:8:297:23:298:8:298:Infinity":37,"b:296:4:296:28:296:28:296:67:296:67:296:Infinity":38,"s:300:31:300:Infinity":46,"b:302:2:310:Infinity:304:9:310:Infinity":39,"s:302:2:310:Infinity":47,"b:302:6:302:24:302:24:302:82":40,"s:303:4:303:Infinity":48,"b:304:9:310:Infinity:undefined:undefined:undefined:undefined":41,"s:304:9:310:Infinity":49,"b:305:4:305:Infinity:306:4:306:Infinity:307:4:307:Infinity":42,"s:309:4:309:Infinity":50,"s:312:2:312:Infinity":51,"b:312:36:312:58:312:61:312:72":43}}}
,"C:\\Users\\maxim\\OneDrive\\Bureau\\PROJET CCM\\twitch-event-listener\\front\\src\\components\\ui\\checkbox.tsx": {"path":"C:\\Users\\maxim\\OneDrive\\Bureau\\PROJET CCM\\twitch-event-listener\\front\\src\\components\\ui\\checkbox.tsx","statementMap":{"0":{"start":{"line":1,"column":0},"end":{"line":1,"column":null}}},"fnMap":{"0":{"name":"Checkbox","decl":{"start":{"line":9,"column":9},"end":{"line":9,"column":18}},"loc":{"start":{"line":9,"column":94},"end":{"line":27,"column":null}},"line":9}},"branchMap":{},"s":{"0":1},"f":{"0":2},"b":{},"meta":{"lastBranch":0,"lastFunction":1,"lastStatement":1,"seen":{"s:1:0:1:Infinity":0,"f:9:9:9:18":0}}}
,"C:\\Users\\maxim\\OneDrive\\Bureau\\PROJET CCM\\twitch-event-listener\\front\\src\\components\\ui\\collapsible.tsx": {"path":"C:\\Users\\maxim\\OneDrive\\Bureau\\PROJET CCM\\twitch-event-listener\\front\\src\\components\\ui\\collapsible.tsx","statementMap":{"0":{"start":{"line":1,"column":0},"end":{"line":1,"column":null}}},"fnMap":{"0":{"name":"Collapsible","decl":{"start":{"line":5,"column":9},"end":{"line":5,"column":21}},"loc":{"start":{"line":5,"column":89},"end":{"line":7,"column":null}},"line":5},"1":{"name":"CollapsibleTrigger","decl":{"start":{"line":9,"column":9},"end":{"line":9,"column":28}},"loc":{"start":{"line":11,"column":71},"end":{"line":13,"column":null}},"line":11},"2":{"name":"CollapsibleContent","decl":{"start":{"line":15,"column":9},"end":{"line":15,"column":28}},"loc":{"start":{"line":17,"column":71},"end":{"line":19,"column":null}},"line":17}},"branchMap":{},"s":{"0":1},"f":{"0":2,"1":2,"2":2},"b":{},"meta":{"lastBranch":0,"lastFunction":3,"lastStatement":1,"seen":{"s:1:0:1:Infinity":0,"f:5:9:5:21":0,"f:9:9:9:28":1,"f:15:9:15:28":2}}}
,"C:\\Users\\maxim\\OneDrive\\Bureau\\PROJET CCM\\twitch-event-listener\\front\\src\\components\\ui\\command.tsx": {"path":"C:\\Users\\maxim\\OneDrive\\Bureau\\PROJET CCM\\twitch-event-listener\\front\\src\\components\\ui\\command.tsx","statementMap":{"0":{"start":{"line":1,"column":0},"end":{"line":1,"column":null}}},"fnMap":{"0":{"name":"Command","decl":{"start":{"line":10,"column":9},"end":{"line":10,"column":17}},"loc":{"start":{"line":10,"column":87},"end":{"line":21,"column":null}},"line":10},"1":{"name":"CommandDialog","decl":{"start":{"line":23,"column":9},"end":{"line":23,"column":23}},"loc":{"start":{"line":31,"column":1},"end":{"line":45,"column":null}},"line":31},"2":{"name":"CommandInput","decl":{"start":{"line":47,"column":9},"end":{"line":47,"column":22}},"loc":{"start":{"line":50,"column":54},"end":{"line":64,"column":null}},"line":50},"3":{"name":"CommandList","decl":{"start":{"line":66,"column":9},"end":{"line":66,"column":21}},"loc":{"start":{"line":66,"column":96},"end":{"line":74,"column":null}},"line":66},"4":{"name":"CommandEmpty","decl":{"start":{"line":76,"column":9},"end":{"line":76,"column":22}},"loc":{"start":{"line":76,"column":87},"end":{"line":84,"column":null}},"line":76},"5":{"name":"CommandGroup","decl":{"start":{"line":86,"column":9},"end":{"line":86,"column":22}},"loc":{"start":{"line":89,"column":54},"end":{"line":100,"column":null}},"line":89},"6":{"name":"CommandSeparator","decl":{"start":{"line":102,"column":9},"end":{"line":102,"column":26}},"loc":{"start":{"line":105,"column":58},"end":{"line":113,"column":null}},"line":105},"7":{"name":"CommandItem","decl":{"start":{"line":115,"column":9},"end":{"line":115,"column":21}},"loc":{"start":{"line":115,"column":96},"end":{"line":126,"column":null}},"line":115},"8":{"name":"CommandShortcut","decl":{"start":{"line":128,"column":9},"end":{"line":128,"column":25}},"loc":{"start":{"line":128,"column":78},"end":{"line":136,"column":null}},"line":128}},"branchMap":{"0":{"loc":{"start":{"line":24,"column":2},"end":{"line":24,"column":27}},"type":"default-arg","locations":[{"start":{"line":24,"column":10},"end":{"line":24,"column":27}}],"line":24},"1":{"loc":{"start":{"line":25,"column":2},"end":{"line":25,"column":48}},"type":"default-arg","locations":[{"start":{"line":25,"column":16},"end":{"line":25,"column":48}}],"line":25}},"s":{"0":2},"f":{"0":4,"1":2,"2":7,"3":7,"4":7,"5":5,"6":5,"7":9,"8":2},"b":{"0":[2],"1":[2]},"meta":{"lastBranch":2,"lastFunction":9,"lastStatement":1,"seen":{"s:1:0:1:Infinity":0,"f:10:9:10:17":0,"f:23:9:23:23":1,"b:24:10:24:27":0,"b:25:16:25:48":1,"f:47:9:47:22":2,"f:66:9:66:21":3,"f:76:9:76:22":4,"f:86:9:86:22":5,"f:102:9:102:26":6,"f:115:9:115:21":7,"f:128:9:128:25":8}}}
,"C:\\Users\\maxim\\OneDrive\\Bureau\\PROJET CCM\\twitch-event-listener\\front\\src\\components\\ui\\context-menu.tsx": {"path":"C:\\Users\\maxim\\OneDrive\\Bureau\\PROJET CCM\\twitch-event-listener\\front\\src\\components\\ui\\context-menu.tsx","statementMap":{"0":{"start":{"line":1,"column":0},"end":{"line":1,"column":null}}},"fnMap":{"0":{"name":"ContextMenu","decl":{"start":{"line":9,"column":9},"end":{"line":9,"column":21}},"loc":{"start":{"line":11,"column":67},"end":{"line":13,"column":null}},"line":11},"1":{"name":"ContextMenuTrigger","decl":{"start":{"line":15,"column":9},"end":{"line":15,"column":28}},"loc":{"start":{"line":17,"column":70},"end":{"line":19,"column":null}},"line":17},"2":{"name":"ContextMenuGroup","decl":{"start":{"line":21,"column":9},"end":{"line":21,"column":26}},"loc":{"start":{"line":23,"column":68},"end":{"line":25,"column":null}},"line":23},"3":{"name":"ContextMenuPortal","decl":{"start":{"line":27,"column":9},"end":{"line":27,"column":27}},"loc":{"start":{"line":29,"column":69},"end":{"line":31,"column":null}},"line":29},"4":{"name":"ContextMenuSub","decl":{"start":{"line":33,"column":9},"end":{"line":33,"column":24}},"loc":{"start":{"line":35,"column":66},"end":{"line":37,"column":null}},"line":35},"5":{"name":"ContextMenuRadioGroup","decl":{"start":{"line":39,"column":9},"end":{"line":39,"column":31}},"loc":{"start":{"line":41,"column":73},"end":{"line":43,"column":null}},"line":41},"6":{"name":"ContextMenuSubTrigger","decl":{"start":{"line":45,"column":9},"end":{"line":45,"column":31}},"loc":{"start":{"line":54,"column":1},"end":{"line":69,"column":null}},"line":54},"7":{"name":"ContextMenuSubContent","decl":{"start":{"line":71,"column":9},"end":{"line":71,"column":31}},"loc":{"start":{"line":74,"column":73},"end":{"line":85,"column":null}},"line":74},"8":{"name":"ContextMenuContent","decl":{"start":{"line":87,"column":9},"end":{"line":87,"column":28}},"loc":{"start":{"line":90,"column":70},"end":{"line":103,"column":null}},"line":90},"9":{"name":"ContextMenuItem","decl":{"start":{"line":105,"column":9},"end":{"line":105,"column":25}},"loc":{"start":{"line":115,"column":1},"end":{"line":128,"column":null}},"line":115},"10":{"name":"ContextMenuCheckboxItem","decl":{"start":{"line":130,"column":9},"end":{"line":130,"column":33}},"loc":{"start":{"line":135,"column":75},"end":{"line":154,"column":null}},"line":135},"11":{"name":"ContextMenuRadioItem","decl":{"start":{"line":156,"column":9},"end":{"line":156,"column":30}},"loc":{"start":{"line":160,"column":72},"end":{"line":178,"column":null}},"line":160},"12":{"name":"ContextMenuLabel","decl":{"start":{"line":180,"column":9},"end":{"line":180,"column":26}},"loc":{"start":{"line":188,"column":1},"end":{"line":197,"column":null}},"line":188},"13":{"name":"ContextMenuSeparator","decl":{"start":{"line":199,"column":9},"end":{"line":199,"column":30}},"loc":{"start":{"line":202,"column":72},"end":{"line":210,"column":null}},"line":202},"14":{"name":"ContextMenuShortcut","decl":{"start":{"line":212,"column":9},"end":{"line":212,"column":29}},"loc":{"start":{"line":212,"column":92},"end":{"line":220,"column":null}},"line":212}},"branchMap":{"0":{"loc":{"start":{"line":108,"column":2},"end":{"line":108,"column":21}},"type":"default-arg","locations":[{"start":{"line":108,"column":12},"end":{"line":108,"column":21}}],"line":108}},"s":{"0":4},"f":{"0":10,"1":13,"2":2,"3":5,"4":5,"5":2,"6":5,"7":5,"8":13,"9":7,"10":5,"11":5,"12":2,"13":2,"14":2},"b":{"0":[7]},"meta":{"lastBranch":1,"lastFunction":15,"lastStatement":1,"seen":{"s:1:0:1:Infinity":0,"f:9:9:9:21":0,"f:15:9:15:28":1,"f:21:9:21:26":2,"f:27:9:27:27":3,"f:33:9:33:24":4,"f:39:9:39:31":5,"f:45:9:45:31":6,"f:71:9:71:31":7,"f:87:9:87:28":8,"f:105:9:105:25":9,"b:108:12:108:21":0,"f:130:9:130:33":10,"f:156:9:156:30":11,"f:180:9:180:26":12,"f:199:9:199:30":13,"f:212:9:212:29":14}}}
,"C:\\Users\\maxim\\OneDrive\\Bureau\\PROJET CCM\\twitch-event-listener\\front\\src\\components\\ui\\dialog.tsx": {"path":"C:\\Users\\maxim\\OneDrive\\Bureau\\PROJET CCM\\twitch-event-listener\\front\\src\\components\\ui\\dialog.tsx","statementMap":{"0":{"start":{"line":1,"column":0},"end":{"line":1,"column":null}}},"fnMap":{"0":{"name":"Dialog","decl":{"start":{"line":9,"column":9},"end":{"line":9,"column":16}},"loc":{"start":{"line":9,"column":89},"end":{"line":11,"column":null}},"line":9},"1":{"name":"DialogTrigger","decl":{"start":{"line":13,"column":9},"end":{"line":13,"column":23}},"loc":{"start":{"line":15,"column":65},"end":{"line":17,"column":null}},"line":15},"2":{"name":"DialogPortal","decl":{"start":{"line":19,"column":9},"end":{"line":19,"column":22}},"loc":{"start":{"line":19,"column":97},"end":{"line":21,"column":null}},"line":19},"3":{"name":"DialogClose","decl":{"start":{"line":23,"column":9},"end":{"line":23,"column":21}},"loc":{"start":{"line":23,"column":95},"end":{"line":25,"column":null}},"line":23},"4":{"name":"DialogOverlay","decl":{"start":{"line":27,"column":9},"end":{"line":27,"column":23}},"loc":{"start":{"line":30,"column":65},"end":{"line":41,"column":null}},"line":30},"5":{"name":"DialogContent","decl":{"start":{"line":43,"column":9},"end":{"line":43,"column":23}},"loc":{"start":{"line":47,"column":65},"end":{"line":67,"column":null}},"line":47},"6":{"name":"DialogHeader","decl":{"start":{"line":69,"column":9},"end":{"line":69,"column":22}},"loc":{"start":{"line":69,"column":84},"end":{"line":77,"column":null}},"line":69},"7":{"name":"DialogFooter","decl":{"start":{"line":79,"column":9},"end":{"line":79,"column":22}},"loc":{"start":{"line":79,"column":84},"end":{"line":87,"column":null}},"line":79},"8":{"name":"DialogTitle","decl":{"start":{"line":89,"column":9},"end":{"line":89,"column":21}},"loc":{"start":{"line":92,"column":63},"end":{"line":100,"column":null}},"line":92},"9":{"name":"DialogDescription","decl":{"start":{"line":102,"column":9},"end":{"line":102,"column":27}},"loc":{"start":{"line":105,"column":69},"end":{"line":113,"column":null}},"line":105}},"branchMap":{},"s":{"0":5},"f":{"0":8,"1":6,"2":8,"3":0,"4":4,"5":8,"6":2,"7":0,"8":4,"9":4},"b":{},"meta":{"lastBranch":0,"lastFunction":10,"lastStatement":1,"seen":{"s:1:0:1:Infinity":0,"f:9:9:9:16":0,"f:13:9:13:23":1,"f:19:9:19:22":2,"f:23:9:23:21":3,"f:27:9:27:23":4,"f:43:9:43:23":5,"f:69:9:69:22":6,"f:79:9:79:22":7,"f:89:9:89:21":8,"f:102:9:102:27":9}}}
,"C:\\Users\\maxim\\OneDrive\\Bureau\\PROJET CCM\\twitch-event-listener\\front\\src\\components\\ui\\drawer.tsx": {"path":"C:\\Users\\maxim\\OneDrive\\Bureau\\PROJET CCM\\twitch-event-listener\\front\\src\\components\\ui\\drawer.tsx","statementMap":{"0":{"start":{"line":1,"column":0},"end":{"line":1,"column":null}}},"fnMap":{"0":{"name":"Drawer","decl":{"start":{"line":8,"column":9},"end":{"line":8,"column":16}},"loc":{"start":{"line":8,"column":89},"end":{"line":10,"column":null}},"line":8},"1":{"name":"DrawerTrigger","decl":{"start":{"line":12,"column":9},"end":{"line":12,"column":23}},"loc":{"start":{"line":14,"column":65},"end":{"line":16,"column":null}},"line":14},"2":{"name":"DrawerPortal","decl":{"start":{"line":18,"column":9},"end":{"line":18,"column":22}},"loc":{"start":{"line":18,"column":97},"end":{"line":20,"column":null}},"line":18},"3":{"name":"DrawerClose","decl":{"start":{"line":22,"column":9},"end":{"line":22,"column":21}},"loc":{"start":{"line":22,"column":95},"end":{"line":24,"column":null}},"line":22},"4":{"name":"DrawerOverlay","decl":{"start":{"line":26,"column":9},"end":{"line":26,"column":23}},"loc":{"start":{"line":29,"column":65},"end":{"line":40,"column":null}},"line":29},"5":{"name":"DrawerContent","decl":{"start":{"line":42,"column":9},"end":{"line":42,"column":23}},"loc":{"start":{"line":46,"column":65},"end":{"line":67,"column":null}},"line":46},"6":{"name":"DrawerHeader","decl":{"start":{"line":69,"column":9},"end":{"line":69,"column":22}},"loc":{"start":{"line":69,"column":84},"end":{"line":77,"column":null}},"line":69},"7":{"name":"DrawerFooter","decl":{"start":{"line":79,"column":9},"end":{"line":79,"column":22}},"loc":{"start":{"line":79,"column":84},"end":{"line":87,"column":null}},"line":79},"8":{"name":"DrawerTitle","decl":{"start":{"line":89,"column":9},"end":{"line":89,"column":21}},"loc":{"start":{"line":92,"column":63},"end":{"line":100,"column":null}},"line":92},"9":{"name":"DrawerDescription","decl":{"start":{"line":102,"column":9},"end":{"line":102,"column":27}},"loc":{"start":{"line":105,"column":69},"end":{"line":113,"column":null}},"line":105}},"branchMap":{},"s":{"0":4},"f":{"0":14,"1":17,"2":21,"3":5,"4":2,"5":17,"6":2,"7":2,"8":5,"9":5},"b":{},"meta":{"lastBranch":0,"lastFunction":10,"lastStatement":1,"seen":{"s:1:0:1:Infinity":0,"f:8:9:8:16":0,"f:12:9:12:23":1,"f:18:9:18:22":2,"f:22:9:22:21":3,"f:26:9:26:23":4,"f:42:9:42:23":5,"f:69:9:69:22":6,"f:79:9:79:22":7,"f:89:9:89:21":8,"f:102:9:102:27":9}}}
,"C:\\Users\\maxim\\OneDrive\\Bureau\\PROJET CCM\\twitch-event-listener\\front\\src\\components\\ui\\dropdown-menu.tsx": {"path":"C:\\Users\\maxim\\OneDrive\\Bureau\\PROJET CCM\\twitch-event-listener\\front\\src\\components\\ui\\dropdown-menu.tsx","statementMap":{"0":{"start":{"line":1,"column":0},"end":{"line":1,"column":null}}},"fnMap":{"0":{"name":"DropdownMenu","decl":{"start":{"line":9,"column":9},"end":{"line":9,"column":22}},"loc":{"start":{"line":11,"column":68},"end":{"line":13,"column":null}},"line":11},"1":{"name":"DropdownMenuPortal","decl":{"start":{"line":15,"column":9},"end":{"line":15,"column":28}},"loc":{"start":{"line":17,"column":70},"end":{"line":19,"column":null}},"line":17},"2":{"name":"DropdownMenuTrigger","decl":{"start":{"line":21,"column":9},"end":{"line":21,"column":29}},"loc":{"start":{"line":23,"column":71},"end":{"line":25,"column":null}},"line":23},"3":{"name":"DropdownMenuContent","decl":{"start":{"line":27,"column":9},"end":{"line":27,"column":29}},"loc":{"start":{"line":31,"column":71},"end":{"line":45,"column":null}},"line":31},"4":{"name":"DropdownMenuGroup","decl":{"start":{"line":47,"column":9},"end":{"line":47,"column":27}},"loc":{"start":{"line":49,"column":69},"end":{"line":51,"column":null}},"line":49},"5":{"name":"DropdownMenuItem","decl":{"start":{"line":53,"column":9},"end":{"line":53,"column":26}},"loc":{"start":{"line":63,"column":1},"end":{"line":76,"column":null}},"line":63},"6":{"name":"DropdownMenuCheckboxItem","decl":{"start":{"line":78,"column":9},"end":{"line":78,"column":34}},"loc":{"start":{"line":83,"column":76},"end":{"line":102,"column":null}},"line":83},"7":{"name":"DropdownMenuRadioGroup","decl":{"start":{"line":104,"column":9},"end":{"line":104,"column":32}},"loc":{"start":{"line":106,"column":74},"end":{"line":108,"column":null}},"line":106},"8":{"name":"DropdownMenuRadioItem","decl":{"start":{"line":110,"column":9},"end":{"line":110,"column":31}},"loc":{"start":{"line":114,"column":73},"end":{"line":132,"column":null}},"line":114},"9":{"name":"DropdownMenuLabel","decl":{"start":{"line":134,"column":9},"end":{"line":134,"column":27}},"loc":{"start":{"line":142,"column":1},"end":{"line":151,"column":null}},"line":142},"10":{"name":"DropdownMenuSeparator","decl":{"start":{"line":153,"column":9},"end":{"line":153,"column":31}},"loc":{"start":{"line":156,"column":73},"end":{"line":164,"column":null}},"line":156},"11":{"name":"DropdownMenuShortcut","decl":{"start":{"line":166,"column":9},"end":{"line":166,"column":30}},"loc":{"start":{"line":166,"column":93},"end":{"line":174,"column":null}},"line":166},"12":{"name":"DropdownMenuSub","decl":{"start":{"line":176,"column":9},"end":{"line":176,"column":25}},"loc":{"start":{"line":178,"column":67},"end":{"line":180,"column":null}},"line":178},"13":{"name":"DropdownMenuSubTrigger","decl":{"start":{"line":182,"column":9},"end":{"line":182,"column":32}},"loc":{"start":{"line":191,"column":1},"end":{"line":206,"column":null}},"line":191},"14":{"name":"DropdownMenuSubContent","decl":{"start":{"line":208,"column":9},"end":{"line":208,"column":32}},"loc":{"start":{"line":211,"column":74},"end":{"line":222,"column":null}},"line":211}},"branchMap":{"0":{"loc":{"start":{"line":29,"column":2},"end":{"line":29,"column":16}},"type":"default-arg","locations":[{"start":{"line":29,"column":15},"end":{"line":29,"column":16}}],"line":29},"1":{"loc":{"start":{"line":56,"column":2},"end":{"line":56,"column":21}},"type":"default-arg","locations":[{"start":{"line":56,"column":12},"end":{"line":56,"column":21}}],"line":56}},"s":{"0":4},"f":{"0":10,"1":5,"2":13,"3":13,"4":2,"5":5,"6":5,"7":2,"8":5,"9":2,"10":2,"11":2,"12":5,"13":5,"14":5},"b":{"0":[13],"1":[5]},"meta":{"lastBranch":2,"lastFunction":15,"lastStatement":1,"seen":{"s:1:0:1:Infinity":0,"f:9:9:9:22":0,"f:15:9:15:28":1,"f:21:9:21:29":2,"f:27:9:27:29":3,"b:29:15:29:16":0,"f:47:9:47:27":4,"f:53:9:53:26":5,"b:56:12:56:21":1,"f:78:9:78:34":6,"f:104:9:104:32":7,"f:110:9:110:31":8,"f:134:9:134:27":9,"f:153:9:153:31":10,"f:166:9:166:30":11,"f:176:9:176:25":12,"f:182:9:182:32":13,"f:208:9:208:32":14}}}
,"C:\\Users\\maxim\\OneDrive\\Bureau\\PROJET CCM\\twitch-event-listener\\front\\src\\components\\ui\\form.tsx": {"path":"C:\\Users\\maxim\\OneDrive\\Bureau\\PROJET CCM\\twitch-event-listener\\front\\src\\components\\ui\\form.tsx","statementMap":{"0":{"start":{"line":1,"column":0},"end":{"line":1,"column":null}},"1":{"start":{"line":20,"column":13},"end":{"line":20,"column":null}},"2":{"start":{"line":29,"column":25},"end":{"line":29,"column":null}},"3":{"start":{"line":31,"column":18},"end":{"line":44,"column":null}},"4":{"start":{"line":37,"column":23},"end":{"line":37,"column":null}},"5":{"start":{"line":37,"column":44},"end":{"line":37,"column":67}},"6":{"start":{"line":46,"column":21},"end":{"line":67,"column":null}},"7":{"start":{"line":47,"column":23},"end":{"line":47,"column":null}},"8":{"start":{"line":48,"column":22},"end":{"line":48,"column":null}},"9":{"start":{"line":49,"column":25},"end":{"line":49,"column":null}},"10":{"start":{"line":50,"column":8},"end":{"line":50,"column":null}},"11":{"start":{"line":51,"column":21},"end":{"line":51,"column":null}},"12":{"start":{"line":53,"column":2},"end":{"line":55,"column":null}},"13":{"start":{"line":54,"column":4},"end":{"line":54,"column":null}},"14":{"start":{"line":57,"column":17},"end":{"line":57,"column":null}},"15":{"start":{"line":59,"column":2},"end":{"line":66,"column":null}},"16":{"start":{"line":73,"column":24},"end":{"line":73,"column":null}},"17":{"start":{"line":76,"column":13},"end":{"line":76,"column":null}},"18":{"start":{"line":77,"column":23},"end":{"line":77,"column":null}},"19":{"start":{"line":77,"column":44},"end":{"line":77,"column":53}},"20":{"start":{"line":87,"column":32},"end":{"line":87,"column":null}},"21":{"start":{"line":101,"column":66},"end":{"line":101,"column":null}},"22":{"start":{"line":115,"column":32},"end":{"line":115,"column":null}},"23":{"start":{"line":128,"column":35},"end":{"line":128,"column":null}},"24":{"start":{"line":129,"column":15},"end":{"line":129,"column":68}},"25":{"start":{"line":131,"column":2},"end":{"line":133,"column":null}},"26":{"start":{"line":132,"column":4},"end":{"line":132,"column":null}}},"fnMap":{"0":{"name":"(anonymous_0)","decl":{"start":{"line":31,"column":18},"end":{"line":31,"column":null}},"loc":{"start":{"line":36,"column":39},"end":{"line":44,"column":null}},"line":36},"1":{"name":"(anonymous_1)","decl
[...]
":86,"column":37},"end":{"line":86,"column":null}},"2":{"start":{"line":94,"column":23},"end":{"line":94,"column":null}},"3":{"start":{"line":103,"column":31},"end":{"line":103,"column":null}},"4":{"start":{"line":123,"column":31},"end":{"line":123,"column":null}}},"fnMap":{"0":{"name":"SuccessManagement","decl":{"start":{"line":85,"column":16},"end":{"line":85,"column":34}},"loc":{"start":{"line":85,"column":82},"end":{"line":246,"column":null}},"line":85},"1":{"name":"(anonymous_1)","decl":{"start":{"line":94,"column":17},"end":{"line":94,"column":23}},"loc":{"start":{"line":94,"column":23},"end":{"line":94,"column":null}},"line":94},"2":{"name":"(anonymous_2)","decl":{"start":{"line":103,"column":25},"end":{"line":103,"column":31}},"loc":{"start":{"line":103,"column":31},"end":{"line":103,"column":null}},"line":103},"3":{"name":"(anonymous_3)","decl":{"start":{"line":123,"column":25},"end":{"line":123,"column":31}},"loc":{"start":{"line":123,"column":31},"end":{"line":123,"column":null}},"line":123}},"branchMap":{"0":{"loc":{"start":{"line":218,"column":28},"end":{"line":218,"column":null}},"type":"cond-expr","locations":[{"start":{"line":218,"column":50},"end":{"line":218,"column":67}},{"start":{"line":218,"column":67},"end":{"line":218,"column":null}}],"line":218},"1":{"loc":{"start":{"line":222,"column":27},"end":{"line":222,"column":null}},"type":"cond-expr","locations":[{"start":{"line":222,"column":49},"end":{"line":222,"column":60}},{"start":{"line":222,"column":60},"end":{"line":222,"column":null}}],"line":222},"2":{"loc":{"start":{"line":227,"column":26},"end":{"line":227,"column":null}},"type":"cond-expr","locations":[{"start":{"line":227,"column":48},"end":{"line":227,"column":65}},{"start":{"line":227,"column":65},"end":{"line":227,"column":null}}],"line":227},"3":{"loc":{"start":{"line":232,"column":28},"end":{"line":232,"column":null}},"type":"cond-expr","locations":[{"start":{"line":232,"column":50},"end":{"line":232,"column":68}},{"start":{"line":232,"column":68},"end":{"line":232,"column":null}}],"line":232}},"s":{"0":5,"1":12,"2":1,"3":0,"4":1},"f":{"0":12,"1":1,"2":0,"3":1},"b":{"0":[72,24],"1":[72,24],"2":[72,24],"3":[72,24]},"meta":{"lastBranch":4,"lastFunction":4,"lastStatement":5,"seen":{"s:10:21:83:Infinity":0,"f:85:16:85:34":0,"s:86:37:86:Infinity":1,"f:94:17:94:23":1,"s:94:23:94:Infinity":2,"f:103:25:103:31":2,"s:103:31:103:Infinity":3,"f:123:25:123:31":3,"s:123:31:123:Infinity":4,"b:218:50:218:67:218:67:218:Infinity":0,"b:222:49:222:60:222:60:222:Infinity":1,"b:227:48:227:65:227:65:227:Infinity":2,"b:232:50:232:68:232:68:232:Infinity":3}}}
,"C:\\Users\\maxim\\OneDrive\\Bureau\\PROJET CCM\\twitch-event-listener\\front\\src\\features\\dashboard\\Dashboard.tsx": {"path":"C:\\Users\\maxim\\OneDrive\\Bureau\\PROJET CCM\\twitch-event-listener\\front\\src\\features\\dashboard\\Dashboard.tsx","statementMap":{"0":{"start":{"line":21,"column":37},"end":{"line":21,"column":null}},"1":{"start":{"line":22,"column":51},"end":{"line":22,"column":null}},"2":{"start":{"line":24,"column":2},"end":{"line":30,"column":null}},"3":{"start":{"line":38,"column":23},"end":{"line":38,"column":null}},"4":{"start":{"line":47,"column":31},"end":{"line":47,"column":null}},"5":{"start":{"line":201,"column":29},"end":{"line":201,"column":null}},"6":{"start":{"line":222,"column":29},"end":{"line":222,"column":null}},"7":{"start":{"line":243,"column":29},"end":{"line":243,"column":null}}},"fnMap":{"0":{"name":"Dashboard","decl":{"start":{"line":20,"column":16},"end":{"line":20,"column":26}},"loc":{"start":{"line":20,"column":66},"end":{"line":267,"column":null}},"line":20},"1":{"name":"(anonymous_1)","decl":{"start":{"line":38,"column":17},"end":{"line":38,"column":23}},"loc":{"start":{"line":38,"column":23},"end":{"line":38,"column":null}},"line":38},"2":{"name":"(anonymous_2)","decl":{"start":{"line":47,"column":25},"end":{"line":47,"column":31}},"loc":{"start":{"line":47,"column":31},"end":{"line":47,"column":null}},"line":47},"3":{"name":"(anonymous_3)","decl":{"start":{"line":201,"column":23},"end":{"line":201,"column":29}},"loc":{"start":{"line":201,"column":29},"end":{"line":201,"column":null}},"line":201},"4":{"name":"(anonymous_4)","decl":{"start":{"line":222,"column":23},"end":{"line":222,"column":29}},"loc":{"start":{"line":222,"column":29},"end":{"line":222,"column":null}},"line":222},"5":{"name":"(anonymous_5)","decl":{"start":{"line":243,"column":23},"end":{"line":243,"column":29}},"loc":{"start":{"line":243,"column":29},"end":{"line":243,"column":null}},"line":243}},"branchMap":{"0":{"loc":{"start":{"line":24,"column":2},"end":{"line":30,"column":null}},"type":"if","locations":[{"start":{"line":24,"column":2},"end":{"line":30,"column":null}},{"start":{},"end":{}}],"line":24}},"s":{"0":62,"1":62,"2":62,"3":2,"4":1,"5":1,"6":1,"7":1},"f":{"0":62,"1":2,"2":1,"3":1,"4":1,"5":1},"b":{"0":[36,26]},"meta":{"lastBranch":1,"lastFunction":6,"lastStatement":8,"seen":{"f:20:16:20:26":0,"s:21:37:21:Infinity":0,"s:22:51:22:Infinity":1,"b:24:2:30:Infinity:undefined:undefined:undefined:undefined":0,"s:24:2:30:Infinity":2,"f:38:17:38:23":1,"s:38:23:38:Infinity":3,"f:47:25:47:31":2,"s:47:31:47:Infinity":4,"f:201:23:201:29":3,"s:201:29:201:Infinity":5,"f:222:23:222:29":4,"s:222:29:222:Infinity":6,"f:243:23:243:29":5,"s:243:29:243:Infinity":7}}}
,"C:\\Users\\maxim\\OneDrive\\Bureau\\PROJET CCM\\twitch-event-listener\\front\\src\\features\\dashboard\\hooks\\useDashboardData.ts": {"path":"C:\\Users\\maxim\\OneDrive\\Bureau\\PROJET CCM\\twitch-event-listener\\front\\src\\features\\dashboard\\hooks\\useDashboardData.ts","statementMap":{"0":{"start":{"line":15,"column":47},"end":{"line":23,"column":null}},"1":{"start":{"line":25,"column":47},"end":{"line":31,"column":null}},"2":{"start":{"line":34,"column":43},"end":{"line":34,"column":null}},"3":{"start":{"line":35,"column":43},"end":{"line":35,"column":null}},"4":{"start":{"line":36,"column":29},"end":{"line":36,"column":null}},"5":{"start":{"line":38,"column":2},"end":{"line":47,"column":null}},"6":{"start":{"line":40,"column":18},"end":{"line":44,"column":null}},"7":{"start":{"line":41,"column":6},"end":{"line":41,"column":null}},"8":{"start":{"line":42,"column":6},"end":{"line":42,"column":null}},"9":{"start":{"line":43,"column":6},"end":{"line":43,"column":null}},"10":{"start":{"line":46,"column":4},"end":{"line":46,"column":null}},"11":{"start":{"line":46,"column":17},"end":{"line":46,"column":null}},"12":{"start":{"line":49,"column":2},"end":{"line":53,"column":null}}},"fnMap":{"0":{"name":"useDashboardData","decl":{"start":{"line":33,"column":16},"end":{"line":33,"column":null}},"loc":{"start":{"line":33,"column":16},"end":{"line":54,"column":null}},"line":33},"1":{"name":"(anonymous_1)","decl":{"start":{"line":38,"column":12},"end":{"line":38,"column":null}},"loc":{"start":{"line":38,"column":12},"end":{"line":47,"column":5}},"line":38},"2":{"name":"(anonymous_2)","decl":{"start":{"line":40,"column":29},"end":{"line":40,"column":null}},"loc":{"start":{"line":40,"column":29},"end":{"line":44,"column":7}},"line":40},"3":{"name":"(anonymous_3)","decl":{"start":{"line":46,"column":11},"end":{"line":46,"column":17}},"loc":{"start":{"line":46,"column":17},"end":{"line":46,"column":null}},"line":46}},"branchMap":{},"s":{"0":6,"1":6,"2":75,"3":75,"4":75,"5":75,"6":37,"7":17,"8":17,"9":17,"10":37,"11":37,"12":75},"f":{"0":75,"1":37,"2":17,"3":37},"b":{},"meta":{"lastBranch":0,"lastFunction":4,"lastStatement":13,"seen":{"s:15:47:23:Infinity":0,"s:25:47:31:Infinity":1,"f:33:16:33:Infinity":0,"s:34:43:34:Infinity":2,"s:35:43:35:Infinity":3,"s:36:29:36:Infinity":4,"s:38:2:47:Infinity":5,"f:38:12:38:Infinity":1,"s:40:18:44:Infinity":6,"f:40:29:40:Infinity":2,"s:41:6:41:Infinity":7,"s:42:6:42:Infinity":8,"s:43:6:43:Infinity":9,"s:46:4:46:Infinity":10,"f:46:11:46:17":3,"s:46:17:46:Infinity":11,"s:49:2:53:Infinity":12}}}
,"C:\\Users\\maxim\\OneDrive\\Bureau\\PROJET CCM\\twitch-event-listener\\front\\src\\features\\landing\\LandingPage.tsx": {"path":"C:\\Users\\maxim\\OneDrive\\Bureau\\PROJET CCM\\twitch-event-listener\\front\\src\\features\\landing\\LandingPage.tsx","statementMap":{"0":{"start":{"line":9,"column":30},"end":{"line":9,"column":null}}},"fnMap":{"0":{"name":"LandingPage","decl":{"start":{"line":8,"column":16},"end":{"line":8,"column":28}},"loc":{"start":{"line":8,"column":69},"end":{"line":191,"column":null}},"line":8}},"branchMap":{},"s":{"0":62},"f":{"0":62},"b":{},"meta":{"lastBranch":0,"lastFunction":1,"lastStatement":1,"seen":{"f:8:16:8:28":0,"s:9:30:9:Infinity":0}}}
,"C:\\Users\\maxim\\OneDrive\\Bureau\\PROJET CCM\\twitch-event-listener\\front\\src\\features\\marketplace\\Marketplace.tsx": {"path":"C:\\Users\\maxim\\OneDrive\\Bureau\\PROJET CCM\\twitch-event-listener\\front\\src\\features\\marketplace\\Marketplace.tsx","statementMap":{"0":{"start":{"line":10,"column":27},"end":{"line":19,"column":null}},"1":{"start":{"line":11,"column":2},"end":{"line":18,"column":null}},"2":{"start":{"line":13,"column":6},"end":{"line":13,"column":null}},"3":{"start":{"line":15,"column":6},"end":{"line":15,"column":null}},"4":{"start":{"line":17,"column":6},"end":{"line":17,"column":null}},"5":{"start":{"line":21,"column":30},"end":{"line":110,"column":null}},"6":{"start":{"line":112,"column":19},"end":{"line":112,"column":null}},"7":{"start":{"line":115,"column":37},"end":{"line":115,"column":null}},"8":{"start":{"line":116,"column":37},"end":{"line":116,"column":null}},"9":{"start":{"line":124,"column":23},"end":{"line":124,"column":null}},"10":{"start":{"line":133,"column":31},"end":{"line":133,"column":null}},"11":{"start":{"line":168,"column":29},"end":{"line":168,"column":null}},"12":{"start":{"line":187,"column":31},"end":{"line":187,"column":null}},"13":{"start":{"line":243,"column":29},"end":{"line":243,"column":null}}},"fnMap":{"0":{"name":"(anonymous_0)","decl":{"start":{"line":10,"column":27},"end":{"line":10,"column":28}},"loc":{"start":{"line":10,"column":28},"end":{"line":19,"column":null}},"line":10},"1":{"name":"Marketplace","decl":{"start":{"line":114,"column":16},"end":{"line":114,"column":28}},"loc":{"start":{"line":114,"column":60},"end":{"line":311,"column":null}},"line":114},"2":{"name":"(anonymous_2)","decl":{"start":{"line":124,"column":17},"end":{"line":124,"column":23}},"loc":{"start":{"line":124,"column":23},"end":{"line":124,"column":null}},"line":124},"3":{"name":"(anonymous_3)","decl":{"start":{"line":133,"column":25},"end":{"line":133,"column":31}},"loc":{"start":{"line":133,"column":31},"end":{"line":133,"column":null}},"line":133},"4":{"name":"(anonymous_4)","decl":{"start":{"line":168,"column":23},"end":{"line":168,"column":29}},"loc":{"start":{"line":168,"column":29},"end":{"line":168,"column":null}},"line":168},"5":{"name":"(anonymous_5)","decl":{"start":{"line":187,"column":25},"end":{"line":187,"column":31}},"loc":{"start":{"line":187,"column":31},"end":{"line":187,"column":null}},"line":187},"6":{"name":"(anonymous_6)","decl":{"start":{"line":243,"column":23},"end":{"line":243,"column":29}},"loc":{"start":{"line":243,"column":29},"end":{"line":243,"column":null}},"line":243}},"branchMap":{"0":{"loc":{"start":{"line":11,"column":2},"end":{"line":18,"column":null}},"type":"switch","locations":[{"start":{"line":12,"column":4},"end":{"line":13,"column":null}},{"start":{"line":14,"column":4},"end":{"line":15,"column":null}},{"start":{"line":16,"column":4},"end":{"line":17,"column":null}}],"line":11},"1":{"loc":{"start":{"line":181,"column":14},"end":{"line":181,"column":null}},"type":"cond-expr","locations":[{"start":{"line":181,"column":28},"end":{"line":181,"column":46}},{"start":{"line":181,"column":46},"end":{"line":181,"column":null}}],"line":181},"2":{"loc":{"start":{"line":201,"column":20},"end":{"line":203,"column":null}},"type":"cond-expr","locations":[{"start":{"line":202,"column":24},"end":{"line":202,"column":null}},{"start":{"line":203,"column":24},"end":{"line":203,"column":null}}],"line":201}},"s":{"0":5,"1":224,"2":84,"3":84,"4":56,"5":5,"6":5,"7":28,"8":28,"9":1,"10":1,"11":2,"12":1,"13":0},"f":{"0":224,"1":28,"2":1,"3":1,"4":2,"5":1,"6":0},"b":{"0":[84,84,56],"1":[4,24],"2":[28,112]},"meta":{"lastBranch":3,"lastFunction":7,"lastStatement":14,"seen":{"s:10:27:19:Infinity":0,"f:10:27:10:28":0,"b:12:4:13:Infinity:14:4:15:Infinity:16:4:17:Infinity":0,"s:11:2:18:Infinity":1,"s:13:6:13:Infinity":2,"s:15:6:15:Infinity":3,"s:17:6:17:Infinity":4,"s:21:30:110:Infinity":5,"s:112:19:112:Infinity":6,"f:114:16:114:28":1,"s:115:37:115:Infinity":7,"s:116:37:116:Infinity":8,"f:124:17:124:23":2,"s:124:23:124:Infinity":9,"f:133:25:133:31":3,"s:133:31:133:Infinity":10,"f:168:23:168:29":4,"s:168:29:168:Infinity":11,"b:181:28:181:46:181:46:181:Infinity":1,"f:187:25:187:31":5,"s:187:31:187:Infinity":12,"b:202:24:202:Infinity:203:24:203:Infinity":2,"f:243:23:243:29":6,"s:243:29:243:Infinity":13}}}
,"C:\\Users\\maxim\\OneDrive\\Bureau\\PROJET CCM\\twitch-event-listener\\front\\src\\features\\overlay\\TwitchOverlay.tsx": {"path":"C:\\Users\\maxim\\OneDrive\\Bureau\\PROJET CCM\\twitch-event-listener\\front\\src\\features\\overlay\\TwitchOverlay.tsx","statementMap":{"0":{"start":{"line":10,"column":21},"end":{"line":56,"column":null}},"1":{"start":{"line":59,"column":37},"end":{"line":59,"column":null}},"2":{"start":{"line":67,"column":23},"end":{"line":67,"column":null}},"3":{"start":{"line":76,"column":31},"end":{"line":76,"column":null}}},"fnMap":{"0":{"name":"TwitchOverlay","decl":{"start":{"line":58,"column":16},"end":{"line":58,"column":30}},"loc":{"start":{"line":58,"column":74},"end":{"line":262,"column":null}},"line":58},"1":{"name":"(anonymous_1)","decl":{"start":{"line":67,"column":17},"end":{"line":67,"column":23}},"loc":{"start":{"line":67,"column":23},"end":{"line":67,"column":null}},"line":67},"2":{"name":"(anonymous_2)","decl":{"start":{"line":76,"column":25},"end":{"line":76,"column":31}},"loc":{"start":{"line":76,"column":31},"end":{"line":76,"column":null}},"line":76}},"branchMap":{"0":{"loc":{"start":{"line":138,"column":30},"end":{"line":140,"column":null}},"type":"cond-expr","locations":[{"start":{"line":139,"column":34},"end":{"line":139,"column":null}},{"start":{"line":140,"column":34},"end":{"line":140,"column":null}}],"line":138},"1":{"loc":{"start":{"line":145,"column":69},"end":{"line":145,"column":105}},"type":"binary-expr","locations":[{"start":{"line":145,"column":69},"end":{"line":145,"column":84}},{"start":{"line":145,"column":88},"end":{"line":145,"column":105}}],"line":145},"2":{"loc":{"start":{"line":170,"column":45},"end":{"line":170,"column":null}},"type":"cond-expr","locations":[{"start":{"line":170,"column":63},"end":{"line":170,"column":82}},{"start":{"line":170,"column":82},"end":{"line":170,"column":null}}],"line":170},"3":{"loc":{"start":{"line":178,"column":36},"end":{"line":180,"column":null}},"type":"cond-expr","locations":[{"start":{"line":179,"column":40},"end":{"line":179,"column":null}},{"start":{"line":180,"column":40},"end":{"line":180,"column":null}}],"line":178}},"s":{"0":5,"1":14,"2":1,"3":1},"f":{"0":14,"1":1,"2":1},"b":{"0":[28,42],"1":[70,28],"2":[28,42],"3":[28,42]},"meta":{"lastBranch":4,"lastFunction":3,"lastStatement":4,"seen":{"s:10:21:56:Infinity":0,"f:58:16:58:30":0,"s:59:37:59:Infinity":1,"f:67:17:67:23":1,"s:67:23:67:Infinity":2,"f:76:25:76:31":2,"s:76:31:76:Infinity":3,"b:139:34:139:Infinity:140:34:140:Infinity":0,"b:145:69:145:84:145:88:145:105":1,"b:170:63:170:82:170:82:170:Infinity":2,"b:179:40:179:Infinity:180:40:180:Infinity":3}}}
,"C:\\Users\\maxim\\OneDrive\\Bureau\\PROJET CCM\\twitch-event-listener\\front\\src\\features\\profile\\UserProfile.tsx": {"path":"C:\\Users\\maxim\\OneDrive\\Bureau\\PROJET CCM\\twitch-event-listener\\front\\src\\features\\profile\\UserProfile.tsx","statementMap":{"0":{"start":{"line":9,"column":21},"end":{"line":20,"column":null}},"1":{"start":{"line":10,"column":2},"end":{"line":19,"column":null}},"2":{"start":{"line":12,"column":6},"end":{"line":12,"column":null}},"3":{"start":{"line":14,"column":6},"end":{"line":14,"column":null}},"4":{"start":{"line":16,"column":6},"end":{"line":16,"column":null}},"5":{"start":{"line":18,"column":6},"end":{"line":18,"column":null}},"6":{"start":{"line":22,"column":23},"end":{"line":35,"column":null}},"7":{"start":{"line":37,"column":20},"end":{"line":43,"column":null}},"8":{"start":{"line":46,"column":23},"end":{"line":46,"column":null}},"9":{"start":{"line":47,"column":20},"end":{"line":47,"column":null}},"10":{"start":{"line":48,"column":22},"end":{"line":48,"column":null}},"11":{"start":{"line":49,"column":19},"end":{"line":49,"column":null}},"12":{"start":{"line":50,"column":37},"end":{"line":50,"column":null}},"13":{"start":{"line":58,"column":23},"end":{"line":58,"column":null}},"14":{"start":{"line":66,"column":27},"end":{"line":66,"column":null}}},"fnMap":{"0":{"name":"(anonymous_0)","decl":{"start":{"line":9,"column":21},"end":{"line":9,"column":22}},"loc":{"start":{"line":9,"column":22},"end":{"line":20,"column":null}},"line":9},"1":{"name":"UserProfile","decl":{"start":{"line":45,"column":16},"end":{"line":45,"column":28}},"loc":{"start":{"line":45,"column":60},"end":{"line":236,"column":null}},"line":45},"2":{"name":"(anonymous_2)","decl":{"start":{"line":58,"column":17},"end":{"line":58,"column":23}},"loc":{"start":{"line":58,"column":23},"end":{"line":58,"column":null}},"line":58},"3":{"name":"(anonymous_3)","decl":{"start":{"line":66,"column":21},"end":{"line":66,"column":27}},"loc":{"start":{"line":66,"column":27},"end":{"line":66,"column":null}},"line":66}},"branchMap":{"0":{"loc":{"start":{"line":10,"column":2},"end":{"line":19,"column":null}},"type":"switch","locations":[{"start":{"line":11,"column":4},"end":{"line":12,"column":null}},{"start":{"line":13,"column":4},"end":{"line":14,"column":null}},{"start":{"line":15,"column":4},"end":{"line":16,"column":null}},{"start":{"line":17,"column":4},"end":{"line":18,"column":null}}],"line":10},"1":{"loc":{"start":{"line":161,"column":20},"end":{"line":163,"column":null}},"type":"cond-expr","locations":[{"start":{"line":162,"column":24},"end":{"line":162,"column":null}},{"start":{"line":163,"column":24},"end":{"line":163,"column":null}}],"line":161},"2":{"loc":{"start":{"line":168,"column":68},"end":{"line":168,"column":100}},"type":"binary-expr","locations":[{"start":{"line":168,"column":68},"end":{"line":168,"column":83}},{"start":{"line":168,"column":87},"end":{"line":168,"column":100}}],"line":168},"3":{"loc":{"start":{"line":173,"column":67},"end":{"line":173,"column":135}},"type":"cond-expr","locations":[{"start":{"line":173,"column":84},"end":{"line":173,"column":118}},{"start":{"line":173,"column":118},"end":{"line":173,"column":135}}],"line":173},"4":{"loc":{"start":{"line":195,"column":20},"end":{"line":197,"column":null}},"type":"cond-expr","locations":[{"start":{"line":196,"column":24},"end":{"line":196,"column":null}},{"start":{"line":197,"column":24},"end":{"line":197,"column":null}}],"line":195}},"s":{"0":6,"1":150,"2":30,"3":30,"4":30,"5":60,"6":6,"7":6,"8":30,"9":30,"10":30,"11":30,"12":30,"13":1,"14":2},"f":{"0":150,"1":30,"2":1,"3":2},"b":{"0":[30,30,30,60],"1":[210,150],"2":[360,150],"3":[210,150],"4":[30,120]},"meta":{"lastBranch":5,"lastFunction":4,"lastStatement":15,"seen":{"s:9:21:20:Infinity":0,"f:9:21:9:22":0,"b:11:4:12:Infinity:13:4:14:Infinity:15:4:16:Infinity:17:4:18:Infinity":0,"s:10:2:19:Infinity":1,"s:12:6:12:Infinity":2,"s:14:6:14:Infinity":3,"s:16:6:16:Infinity":4,"s:18:6:18:Infinity":5,"s:22:23:35:Infinity":6,"s:37:20:43:Infinity":7,"f:45:16:45:28":1,"s:46:23:46:Infinity":8,"s:47:20:47:Infinity":9,"s:48:22:48:Infinity":10,"s:49:19:49:Infinity":11,"s:50:37:50:Infinity":12,"f:58:17:58:23":2,"s:58:23:58:Infinity":13,"f:66:21:66:27":3,"s:66:27:66:Infinity":14,"b:162:24:162:Infinity:163:24:163:Infinity":1,"b:168:68:168:83:168:87:168:100":2,"b:173:84:173:118:173:118:173:135":3,"b:196:24:196:Infinity:197:24:197:Infinity":4}}}
}
