{"C:\\Users\\pvcsa_hvj9g8l\\WebstormProjects\\front\\src\\App.css": {"path":"C:\\Users\\pvcsa_hvj9g8l\\WebstormProjects\\front\\src\\App.css","statementMap":{},"fnMap":{},"branchMap":{},"s":{},"f":{},"b":{},"meta":{"lastBranch":0,"lastFunction":0,"lastStatement":0,"seen":{}}}
,"C:\\Users\\pvcsa_hvj9g8l\\WebstormProjects\\front\\src\\App.tsx": {"path":"C:\\Users\\pvcsa_hvj9g8l\\WebstormProjects\\front\\src\\App.tsx","statementMap":{"0":{"start":{"line":7,"column":25},"end":{"line":7,"column":null}},"1":{"start":{"line":21,"column":31},"end":{"line":21,"column":61}},"2":{"start":{"line":21,"column":49},"end":{"line":21,"column":61}}},"fnMap":{"0":{"name":"App","decl":{"start":{"line":6,"column":9},"end":{"line":6,"column":null}},"loc":{"start":{"line":6,"column":9},"end":{"line":29,"column":null}},"line":6},"1":{"name":"(anonymous_1)","decl":{"start":{"line":21,"column":25},"end":{"line":21,"column":31}},"loc":{"start":{"line":21,"column":31},"end":{"line":21,"column":61}},"line":21},"2":{"name":"(anonymous_2)","decl":{"start":{"line":21,"column":40},"end":{"line":21,"column":49}},"loc":{"start":{"line":21,"column":49},"end":{"line":21,"column":61}},"line":21}},"branchMap":{},"s":{"0":108,"1":25,"2":50},"f":{"0":108,"1":25,"2":50},"b":{},"meta":{"lastBranch":0,"lastFunction":3,"lastStatement":3,"seen":{"f:6:9:6:Infinity":0,"s:7:25:7:Infinity":0,"f:21:25:21:31":1,"s:21:31:21:61":1,"f:21:40:21:49":2,"s:21:49:21:61":2}}}
,"C:\\Users\\pvcsa_hvj9g8l\\WebstormProjects\\front\\src\\assets\\react.svg": {"path":"C:\\Users\\pvcsa_hvj9g8l\\WebstormProjects\\front\\src\\assets\\react.svg","statementMap":{},"fnMap":{},"branchMap":{},"s":{},"f":{},"b":{},"meta":{"lastBranch":0,"lastFunction":0,"lastStatement":0,"seen":{}}}
}
