TN:
SF:src\App.tsx
FN:21,App
FN:25,(anonymous_1)
FN:30,(anonymous_2)
FNF:3
FNH:3
FNDA:60,App
FNDA:12,(anonymous_1)
FNDA:1,(anonymous_2)
DA:22,60
DA:23,60
DA:25,60
DA:26,12
DA:27,12
DA:30,60
DA:31,1
DA:34,60
LF:8
LH:8
BRDA:34,0,0,34
BRDA:34,0,1,26
BRDA:34,1,0,60
BRDA:34,1,1,34
BRF:4
BRH:4
end_of_record
TN:
SF:src\components\figma\ImageWithFallback.tsx
FN:6,ImageWithFallback
FN:9,(anonymous_1)
FNF:2
FNH:2
FNDA:6,ImageWithFallback
FNDA:1,(anonymous_1)
DA:4,1
DA:7,6
DA:9,6
DA:10,1
DA:13,6
LF:5
LH:5
BRDA:17,0,0,2
BRDA:17,0,1,2
BRF:2
BRH:2
end_of_record
TN:
SF:src\components\layout\Sidebar.tsx
FN:22,Sidebar
FN:33,(anonymous_1)
FN:72,(anonymous_2)
FN:79,(anonymous_3)
FNF:4
FNH:4
FNDA:178,Sidebar
FNDA:3,(anonymous_1)
FNDA:1068,(anonymous_2)
FNDA:3,(anonymous_3)
DA:23,178
DA:24,178
DA:33,178
DA:34,3
DA:35,3
DA:36,2
DA:73,1068
DA:74,1068
DA:79,3
LF:9
LH:9
BRDA:22,0,0,178
BRDA:35,1,0,2
BRDA:35,1,1,1
BRDA:48,2,0,22
BRDA:48,2,1,156
BRDA:81,3,0,178
BRDA:81,3,1,890
BRDA:101,4,0,178
BRDA:101,4,1,0
BRF:9
BRH:8
end_of_record
TN:
SF:src\components\ui\ChannelSelector.tsx
FN:5,ChannelSelector
FN:12,(anonymous_1)
FN:28,(anonymous_2)
FN:41,(anonymous_3)
FNF:4
FNH:3
FNDA:154,ChannelSelector
FNDA:3,(anonymous_1)
FNDA:0,(anonymous_2)
FNDA:1,(anonymous_3)
DA:6,154
DA:7,154
DA:12,3
DA:28,0
DA:42,1
DA:43,1
LF:6
LH:5
BRDA:23,0,0,4
BRDA:23,0,1,150
BRDA:46,1,0,4
BRDA:46,1,1,8
BRF:4
BRH:4
end_of_record
TN:
SF:src\components\ui\accordion.tsx
FN:9,Accordion
FN:13,AccordionItem
FN:26,AccordionTrigger
FN:48,AccordionContent
FNF:4
FNH:4
FNDA:2,Accordion
FNDA:2,AccordionItem
FNDA:2,AccordionTrigger
FNDA:2,AccordionContent
DA:1,1
LF:1
LH:1
BRF:0
BRH:0
end_of_record
TN:
SF:src\components\ui\alert-dialog.tsx
FN:9,AlertDialog
FN:13,AlertDialogTrigger
FN:19,AlertDialogPortal
FN:23,AlertDialogOverlay
FN:39,AlertDialogContent
FN:58,AlertDialogHeader
FN:68,AlertDialogFooter
FN:78,AlertDialogTitle
FN:91,AlertDialogDescription
FN:104,AlertDialogAction
FN:111,AlertDialogCancel
FNF:11
FNH:9
FNDA:2,AlertDialog
FNDA:2,AlertDialogTrigger
FNDA:2,AlertDialogPortal
FNDA:4,AlertDialogOverlay
FNDA:2,AlertDialogContent
FNDA:0,AlertDialogHeader
FNDA:0,AlertDialogFooter
FNDA:2,AlertDialogTitle
FNDA:2,AlertDialogDescription
FNDA:2,AlertDialogAction
FNDA:2,AlertDialogCancel
DA:1,1
LF:1
LH:1
BRF:0
BRH:0
end_of_record
TN:
SF:src\components\ui\alert.tsx
FN:22,Alert
FN:37,AlertTitle
FN:47,AlertDescription
FNF:3
FNH:3
FNDA:2,Alert
FNDA:2,AlertTitle
FNDA:2,AlertDescription
DA:6,1
LF:1
LH:1
BRF:0
BRH:0
end_of_record
TN:
SF:src\components\ui\aspect-ratio.tsx
FN:5,AspectRatio
FNF:1
FNH:1
FNDA:2,AspectRatio
DA:1,1
LF:1
LH:1
BRF:0
BRH:0
end_of_record
TN:
SF:src\components\ui\avatar.tsx
FN:8,Avatar
FN:18,AvatarImage
FN:28,AvatarFallback
FNF:3
FNH:3
FNDA:4,Avatar
FNDA:2,AvatarImage
FNDA:4,AvatarFallback
DA:1,1
LF:1
LH:1
BRF:0
BRH:0
end_of_record
TN:
SF:src\components\ui\badge.tsx
FN:27,Badge
FNF:1
FNH:1
FNDA:10,Badge
DA:8,2
DA:33,10
LF:2
LH:2
BRDA:30,0,0,10
BRDA:33,1,0,0
BRDA:33,1,1,10
BRF:3
BRH:2
end_of_record
TN:
SF:src\components\ui\breadcrumb.tsx
FN:7,Breadcrumb
FN:11,BreadcrumbList
FN:24,BreadcrumbItem
FN:34,BreadcrumbLink
FN:52,BreadcrumbPage
FN:65,BreadcrumbSeparator
FN:79,BreadcrumbEllipsis
FNF:7
FNH:6
FNDA:4,Breadcrumb
FNDA:4,BreadcrumbList
FNDA:10,BreadcrumbItem
FNDA:6,BreadcrumbLink
FNDA:4,BreadcrumbPage
FNDA:6,BreadcrumbSeparator
FNDA:0,BreadcrumbEllipsis
DA:41,6
LF:1
LH:1
BRDA:41,0,0,0
BRDA:41,0,1,6
BRF:2
BRH:1
end_of_record
TN:
SF:src\components\ui\button.tsx
FN:36,Button
FNF:1
FNH:1
FNDA:76,Button
DA:8,9
DA:46,76
LF:2
LH:2
BRDA:40,0,0,76
BRDA:46,1,0,0
BRDA:46,1,1,76
BRF:3
BRH:2
end_of_record
TN:
SF:src\components\ui\calendar.tsx
FN:10,Calendar
FN:60,(anonymous_1)
FNF:2
FNH:2
FNDA:6,Calendar
FNDA:24,(anonymous_1)
DA:1,2
LF:1
LH:1
BRDA:13,0,0,6
BRDA:38,1,0,0
BRDA:38,1,1,6
BRF:3
BRH:2
end_of_record
TN:
SF:src\components\ui\card.tsx
FN:5,(anonymous_0)
FN:18,(anonymous_1)
FN:31,(anonymous_2)
FN:35,(anonymous_3)
FN:41,(anonymous_4)
FN:51,(anonymous_5)
FN:61,(anonymous_6)
FNF:7
FNH:7
FNDA:8,(anonymous_0)
FNDA:8,(anonymous_1)
FNDA:8,(anonymous_2)
FNDA:4,(anonymous_3)
FNDA:4,(anonymous_4)
FNDA:4,(anonymous_5)
FNDA:4,(anonymous_6)
DA:5,1
DA:18,1
DA:31,1
DA:35,1
DA:41,1
DA:51,1
DA:61,1
LF:7
LH:7
BRF:0
BRH:0
end_of_record
TN:
SF:src\components\ui\carousel.tsx
FN:33,useCarousel
FN:43,Carousel
FN:62,(anonymous_2)
FN:68,(anonymous_3)
FN:72,(anonymous_4)
FN:77,(anonymous_5)
FN:89,(anonymous_6)
FN:94,(anonymous_7)
FN:100,(anonymous_8)
FN:132,CarouselContent
FN:145,CarouselItem
FN:163,CarouselPrevious
FN:193,CarouselNext
FNF:13
FNH:12
FNDA:218,useCarousel
FNDA:86,Carousel
FNDA:29,(anonymous_2)
FNDA:1,(anonymous_3)
FNDA:1,(anonymous_4)
FNDA:0,(anonymous_5)
FNDA:29,(anonymous_6)
FNDA:29,(anonymous_7)
FNDA:29,(anonymous_8)
FNDA:58,CarouselContent
FNDA:116,CarouselItem
FNDA:22,CarouselPrevious
FNDA:22,CarouselNext
DA:1,2
DA:31,2
DA:34,218
DA:36,218
DA:37,0
DA:40,218
DA:52,86
DA:59,86
DA:60,86
DA:62,86
DA:63,29
DA:64,29
DA:65,29
DA:68,86
DA:69,1
DA:72,86
DA:73,1
DA:76,86
DA:78,0
DA:79,0
DA:80,0
DA:81,0
DA:82,0
DA:83,0
DA:89,86
DA:90,29
DA:91,2
DA:94,86
DA:95,29
DA:96,29
DA:97,29
DA:98,29
DA:100,29
DA:101,29
DA:133,58
DA:146,116
DA:169,22
DA:199,22
LF:38
LH:31
BRDA:36,0,0,0
BRDA:36,0,1,218
BRDA:44,1,0,86
BRDA:55,2,0,80
BRDA:55,2,1,6
BRDA:63,3,0,0
BRDA:63,3,1,29
BRDA:78,4,0,0
BRDA:78,4,1,0
BRDA:81,5,0,0
BRDA:81,5,1,0
BRDA:90,6,0,27
BRDA:90,6,1,2
BRDA:90,7,0,29
BRDA:90,7,1,29
BRDA:95,8,0,0
BRDA:95,8,1,29
BRDA:111,9,0,86
BRDA:111,9,1,0
BRDA:111,10,0,0
BRDA:111,10,1,0
BRDA:138,11,0,54
BRDA:138,11,1,4
BRDA:155,12,0,108
BRDA:155,12,1,8
BRDA:165,13,0,22
BRDA:166,14,0,22
BRDA:178,15,0,22
BRDA:178,15,1,0
BRDA:195,16,0,22
BRDA:196,17,0,22
BRDA:208,18,0,22
BRDA:208,18,1,0
BRF:33
BRH:21
end_of_record
TN:
SF:src\components\ui\chart.tsx
FN:27,useChart
FN:37,ChartContainer
FN:68,(anonymous_2)
FN:69,(anonymous_3)
FN:80,(anonymous_4)
FN:83,(anonymous_5)
FN:99,ChartTooltipContent
FN:123,(anonymous_7)
FN:164,(anonymous_8)
FN:235,ChartLegendContent
FN:260,(anonymous_10)
FN:290,getPayloadConfigFromPayload
FNF:12
FNH:12
FNDA:26,useChart
FNDA:40,ChartContainer
FNDA:48,(anonymous_2)
FNDA:48,(anonymous_3)
FNDA:84,(anonymous_4)
FNDA:92,(anonymous_5)
FNDA:16,ChartTooltipContent
FNDA:16,(anonymous_7)
FNDA:12,(anonymous_8)
FNDA:10,ChartLegendContent
FNDA:8,(anonymous_10)
FNDA:30,getPayloadConfigFromPayload
DA:1,2
DA:9,2
DA:25,2
DA:28,26
DA:30,26
DA:31,0
DA:34,26
DA:47,40
DA:48,40
DA:68,2
DA:69,48
DA:71,48
DA:72,6
DA:80,84
DA:84,92
DA:85,92
DA:97,2
DA:121,16
DA:123,16
DA:124,16
DA:125,6
DA:128,10
DA:129,10
DA:130,16
DA:132,16
DA:136,16
DA:142,10
DA:143,0
DA:149,16
DA:150,4
DA:153,12
DA:165,12
DA:166,12
DA:167,12
DA:233,2
DA:246,10
DA:248,10
DA:249,2
DA:261,8
DA:262,8
DA:291,30
DA:292,0
DA:296,30
DA:300,30
DA:302,30
DA:303,0
DA:304,30
DA:309,0
DA:312,30
LF:49
LH:44
BRDA:30,0,0,0
BRDA:30,0,1,26
BRDA:48,1,0,40
BRDA:48,1,1,38
BRDA:69,2,0,48
BRDA:69,2,1,44
BRDA:71,3,0,6
BRDA:71,3,1,42
BRDA:84,4,0,92
BRDA:84,4,1,84
BRDA:85,5,0,92
BRDA:85,5,1,0
BRDA:103,6,0,16
BRDA:104,7,0,16
BRDA:105,8,0,16
BRDA:124,9,0,6
BRDA:124,9,1,10
BRDA:124,10,0,16
BRDA:124,10,1,14
BRDA:129,11,0,10
BRDA:129,11,1,10
BRDA:129,11,2,0
BRDA:129,11,3,0
BRDA:132,12,0,2
BRDA:132,12,1,8
BRDA:132,13,0,16
BRDA:132,13,1,10
BRDA:133,14,0,2
BRDA:133,14,1,2
BRDA:136,15,0,0
BRDA:136,15,1,16
BRDA:142,16,0,0
BRDA:142,16,1,10
BRDA:149,17,0,4
BRDA:149,17,1,12
BRDA:149,18,0,16
BRDA:149,18,1,14
BRDA:153,19,0,12
BRDA:153,19,1,12
BRDA:162,20,0,8
BRDA:162,20,1,4
BRDA:165,21,0,12
BRDA:165,21,1,12
BRDA:165,21,2,0
BRDA:165,21,3,0
BRDA:167,22,0,12
BRDA:167,22,1,12
BRDA:167,22,2,12
BRDA:174,23,0,12
BRDA:174,23,1,8
BRDA:177,24,0,12
BRDA:177,24,1,0
BRDA:177,24,2,0
BRDA:193,25,0,10
BRDA:193,25,1,4
BRDA:208,26,0,4
BRDA:208,26,1,8
BRDA:212,27,0,4
BRDA:212,27,1,8
BRDA:214,28,0,12
BRDA:214,28,1,0
BRDA:237,29,0,10
BRDA:239,30,0,10
BRDA:248,31,0,2
BRDA:248,31,1,8
BRDA:256,32,0,2
BRDA:256,32,1,6
BRDA:261,33,0,8
BRDA:261,33,1,8
BRDA:261,33,2,0
BRDA:271,34,0,8
BRDA:271,34,1,0
BRDA:291,35,0,0
BRDA:291,35,1,30
BRDA:291,36,0,30
BRDA:291,36,1,30
BRDA:296,37,0,22
BRDA:296,37,1,8
BRDA:296,38,0,30
BRDA:296,38,1,22
BRDA:296,38,2,22
BRDA:302,39,0,0
BRDA:302,39,1,30
BRDA:302,40,0,30
BRDA:302,40,1,0
BRDA:304,41,0,0
BRDA:304,41,1,30
BRDA:305,42,0,30
BRDA:305,42,1,22
BRDA:305,42,2,0
BRDA:312,43,0,30
BRDA:312,43,1,0
BRF:92
BRH:73
end_of_record
TN:
SF:src\components\ui\checkbox.tsx
FN:9,Checkbox
FNF:1
FNH:1
FNDA:2,Checkbox
DA:1,1
LF:1
LH:1
BRF:0
BRH:0
end_of_record
TN:
SF:src\components\ui\collapsible.tsx
FN:5,Collapsible
FN:9,CollapsibleTrigger
FN:15,CollapsibleContent
FNF:3
FNH:3
FNDA:2,Collapsible
FNDA:2,CollapsibleTrigger
FNDA:2,CollapsibleContent
DA:1,1
LF:1
LH:1
BRF:0
BRH:0
end_of_record
TN:
SF:src\components\ui\command.tsx
FN:10,Command
FN:23,CommandDialog
FN:47,CommandInput
FN:66,CommandList
FN:76,CommandEmpty
FN:86,CommandGroup
FN:102,CommandSeparator
FN:115,CommandItem
FN:128,CommandShortcut
FNF:9
FNH:9
FNDA:4,Command
FNDA:2,CommandDialog
FNDA:7,CommandInput
FNDA:7,CommandList
FNDA:7,CommandEmpty
FNDA:5,CommandGroup
FNDA:5,CommandSeparator
FNDA:9,CommandItem
FNDA:2,CommandShortcut
DA:1,2
LF:1
LH:1
BRDA:24,0,0,2
BRDA:25,1,0,2
BRF:2
BRH:2
end_of_record
TN:
SF:src\components\ui\context-menu.tsx
FN:9,ContextMenu
FN:13,ContextMenuTrigger
FN:19,ContextMenuGroup
FN:23,ContextMenuPortal
FN:27,ContextMenuSub
FN:31,ContextMenuRadioGroup
FN:37,ContextMenuSubTrigger
FN:61,ContextMenuSubContent
FN:77,ContextMenuContent
FN:95,ContextMenuItem
FN:118,ContextMenuCheckboxItem
FN:144,ContextMenuRadioItem
FN:168,ContextMenuLabel
FN:185,ContextMenuSeparator
FN:198,ContextMenuShortcut
FNF:15
FNH:15
FNDA:10,ContextMenu
FNDA:13,ContextMenuTrigger
FNDA:2,ContextMenuGroup
FNDA:5,ContextMenuPortal
FNDA:5,ContextMenuSub
FNDA:2,ContextMenuRadioGroup
FNDA:5,ContextMenuSubTrigger
FNDA:5,ContextMenuSubContent
FNDA:13,ContextMenuContent
FNDA:7,ContextMenuItem
FNDA:5,ContextMenuCheckboxItem
FNDA:5,ContextMenuRadioItem
FNDA:2,ContextMenuLabel
FNDA:2,ContextMenuSeparator
FNDA:2,ContextMenuShortcut
DA:1,4
LF:1
LH:1
BRDA:98,0,0,7
BRF:1
BRH:1
end_of_record
TN:
SF:src\components\ui\dialog.tsx
FN:9,Dialog
FN:13,DialogTrigger
FN:17,DialogPortal
FN:21,DialogClose
FN:25,DialogOverlay
FN:41,DialogContent
FN:67,DialogHeader
FN:77,DialogFooter
FN:87,DialogTitle
FN:97,DialogDescription
FNF:10
FNH:8
FNDA:8,Dialog
FNDA:6,DialogTrigger
FNDA:8,DialogPortal
FNDA:0,DialogClose
FNDA:4,DialogOverlay
FNDA:8,DialogContent
FNDA:2,DialogHeader
FNDA:0,DialogFooter
FNDA:4,DialogTitle
FNDA:4,DialogDescription
DA:1,5
LF:1
LH:1
BRF:0
BRH:0
end_of_record
TN:
SF:src\components\ui\drawer.tsx
FN:8,Drawer
FN:12,DrawerTrigger
FN:16,DrawerPortal
FN:20,DrawerClose
FN:24,DrawerOverlay
FN:40,DrawerContent
FN:67,DrawerHeader
FN:77,DrawerFooter
FN:87,DrawerTitle
FN:97,DrawerDescription
FNF:10
FNH:10
FNDA:14,Drawer
FNDA:17,DrawerTrigger
FNDA:21,DrawerPortal
FNDA:5,DrawerClose
FNDA:2,DrawerOverlay
FNDA:17,DrawerContent
FNDA:2,DrawerHeader
FNDA:2,DrawerFooter
FNDA:5,DrawerTitle
FNDA:5,DrawerDescription
DA:1,4
LF:1
LH:1
BRF:0
BRH:0
end_of_record
TN:
SF:src\components\ui\dropdown-menu.tsx
FN:9,DropdownMenu
FN:13,DropdownMenuPortal
FN:19,DropdownMenuTrigger
FN:25,DropdownMenuContent
FN:45,DropdownMenuGroup
FN:49,DropdownMenuItem
FN:72,DropdownMenuCheckboxItem
FN:98,DropdownMenuRadioGroup
FN:104,DropdownMenuRadioItem
FN:128,DropdownMenuLabel
FN:145,DropdownMenuSeparator
FN:158,DropdownMenuShortcut
FN:168,DropdownMenuSub
FN:172,DropdownMenuSubTrigger
FN:196,DropdownMenuSubContent
FNF:15
FNH:15
FNDA:10,DropdownMenu
FNDA:5,DropdownMenuPortal
FNDA:13,DropdownMenuTrigger
FNDA:13,DropdownMenuContent
FNDA:2,DropdownMenuGroup
FNDA:5,DropdownMenuItem
FNDA:5,DropdownMenuCheckboxItem
FNDA:2,DropdownMenuRadioGroup
FNDA:5,DropdownMenuRadioItem
FNDA:2,DropdownMenuLabel
FNDA:2,DropdownMenuSeparator
FNDA:2,DropdownMenuShortcut
FNDA:5,DropdownMenuSub
FNDA:5,DropdownMenuSubTrigger
FNDA:5,DropdownMenuSubContent
DA:1,4
LF:1
LH:1
BRDA:27,0,0,13
BRDA:52,1,0,5
BRF:2
BRH:2
end_of_record
TN:
SF:src\components\ui\form.tsx
FN:31,(anonymous_0)
FN:44,(anonymous_1)
FN:73,FormItem
FN:83,FormLabel
FN:97,FormControl
FN:111,FormDescription
FN:124,FormMessage
FNF:7
FNH:7
FNDA:60,(anonymous_0)
FNDA:160,(anonymous_1)
FNDA:60,FormItem
FNDA:48,FormLabel
FNDA:60,FormControl
FNDA:16,FormDescription
FNDA:36,FormMessage
DA:1,2
DA:20,2
DA:29,2
DA:31,2
DA:44,2
DA:45,160
DA:46,160
DA:47,160
DA:48,160
DA:49,160
DA:51,160
DA:52,0
DA:55,160
DA:57,160
DA:71,2
DA:74,60
DA:84,48
DA:98,60
DA:112,16
DA:125,36
DA:126,36
DA:128,36
DA:129,22
LF:23
LH:22
BRDA:51,0,0,0
BRDA:51,0,1,160
BRDA:104,1,0,50
BRDA:104,1,1,10
BRDA:126,2,0,10
BRDA:126,2,1,26
BRDA:126,3,0,10
BRDA:126,3,1,0
BRDA:128,4,0,22
BRDA:128,4,1,14
BRF:10
BRH:8
end_of_record
TN:
SF:src\components\ui\hover-card.tsx
FN:8,HoverCard
FN:12,HoverCardTrigger
FN:16,HoverCardContent
FNF:3
FNH:3
FNDA:2,HoverCard
FNDA:2,HoverCardTrigger
FNDA:2,HoverCardContent
DA:1,1
LF:1
LH:1
BRDA:18,0,0,2
BRDA:19,1,0,2
BRF:2
BRH:2
end_of_record
TN:
SF:src\components\ui\input-otp.tsx
FN:9,InputOTP
FN:26,InputOTPGroup
FN:36,InputOTPSlot
FN:66,InputOTPSeparator
FNF:4
FNH:3
FNDA:4,InputOTP
FNDA:4,InputOTPGroup
FNDA:10,InputOTPSlot
FNDA:0,InputOTPSeparator
DA:1,2
DA:43,10
DA:44,10
LF:3
LH:3
BRDA:44,0,0,10
BRDA:44,0,1,0
BRF:2
BRH:1
end_of_record
TN:
SF:src\components\ui\input.tsx
FN:5,(anonymous_0)
FNF:1
FNH:1
FNDA:62,(anonymous_0)
DA:5,6
LF:1
LH:1
BRF:0
BRH:0
end_of_record
TN:
SF:src\components\ui\label.tsx
FN:8,Label
FNF:1
FNH:1
FNDA:54,Label
DA:1,3
LF:1
LH:1
BRF:0
BRH:0
end_of_record
TN:
SF:src\components\ui\menubar.tsx
FN:9,Menubar
FN:22,MenubarMenu
FN:26,MenubarGroup
FN:30,MenubarPortal
FN:34,MenubarRadioGroup
FN:38,MenubarTrigger
FN:54,MenubarContent
FN:78,MenubarItem
FN:101,MenubarCheckboxItem
FN:127,MenubarRadioItem
FN:151,MenubarLabel
FN:168,MenubarSeparator
FN:181,MenubarShortcut
FN:191,MenubarSub
FN:195,MenubarSubTrigger
FN:219,MenubarSubContent
FNF:16
FNH:16
FNDA:10,Menubar
FNDA:13,MenubarMenu
FNDA:2,MenubarGroup
FNDA:17,MenubarPortal
FNDA:2,MenubarRadioGroup
FNDA:13,MenubarTrigger
FNDA:13,MenubarContent
FNDA:5,MenubarItem
FNDA:5,MenubarCheckboxItem
FNDA:5,MenubarRadioItem
FNDA:2,MenubarLabel
FNDA:2,MenubarSeparator
FNDA:2,MenubarShortcut
FNDA:5,MenubarSub
FNDA:5,MenubarSubTrigger
FNDA:5,MenubarSubContent
DA:1,4
LF:1
LH:1
BRDA:56,0,0,13
BRDA:57,1,0,13
BRDA:58,2,0,13
BRDA:81,3,0,5
BRF:4
BRH:4
end_of_record
TN:
SF:src\components\ui\navigation-menu.tsx
FN:9,NavigationMenu
FN:33,NavigationMenuList
FN:46,NavigationMenuItem
FN:63,NavigationMenuTrigger
FN:83,NavigationMenuContent
FN:100,NavigationMenuViewport
FN:118,NavigationMenuLink
FN:134,NavigationMenuIndicator
FNF:8
FNH:8
FNDA:6,NavigationMenu
FNDA:9,NavigationMenuList
FNDA:6,NavigationMenuItem
FNDA:9,NavigationMenuTrigger
FNDA:9,NavigationMenuContent
FNDA:11,NavigationMenuViewport
FNDA:5,NavigationMenuLink
FNDA:5,NavigationMenuIndicator
DA:59,3
LF:1
LH:1
BRDA:12,0,0,6
BRF:1
BRH:1
end_of_record
TN:
SF:src\components\ui\pagination.tsx
FN:7,(anonymous_0)
FN:19,(anonymous_1)
FN:29,(anonymous_2)
FN:38,(anonymous_3)
FN:56,(anonymous_4)
FN:70,(anonymous_5)
FN:84,(anonymous_6)
FNF:7
FNH:7
FNDA:2,(anonymous_0)
FNDA:2,(anonymous_1)
FNDA:8,(anonymous_2)
FNDA:6,(anonymous_3)
FNDA:2,(anonymous_4)
FNDA:2,(anonymous_5)
FNDA:2,(anonymous_6)
DA:7,1
DA:19,1
DA:29,1
DA:38,1
DA:56,1
DA:70,1
DA:84,1
LF:7
LH:7
BRDA:38,0,0,6
BRDA:41,1,0,0
BRDA:41,1,1,6
BRDA:46,2,0,0
BRDA:46,2,1,6
BRF:5
BRH:3
end_of_record
TN:
SF:src\components\ui\popover.tsx
FN:8,Popover
FN:12,PopoverTrigger
FN:16,PopoverContent
FN:38,PopoverAnchor
FNF:4
FNH:4
FNDA:6,Popover
FNDA:9,PopoverTrigger
FNDA:9,PopoverContent
FNDA:5,PopoverAnchor
DA:1,3
LF:1
LH:1
BRDA:18,0,0,9
BRDA:19,1,0,9
BRF:2
BRH:2
end_of_record
TN:
SF:src\components\ui\progress.tsx
FN:8,Progress
FNF:1
FNH:1
FNDA:6,Progress
DA:1,2
LF:1
LH:1
BRDA:22,0,0,6
BRDA:22,0,1,2
BRF:2
BRH:2
end_of_record
TN:
SF:src\components\ui\radio-group.tsx
FN:9,RadioGroup
FN:22,RadioGroupItem
FNF:2
FNH:2
FNDA:2,RadioGroup
FNDA:4,RadioGroupItem
DA:1,1
LF:1
LH:1
BRF:0
BRH:0
end_of_record
TN:
SF:src\components\ui\resizable.tsx
FN:9,ResizablePanelGroup
FN:22,ResizablePanel
FN:26,ResizableHandle
FNF:3
FNH:3
FNDA:2,ResizablePanelGroup
FNDA:4,ResizablePanel
FNDA:2,ResizableHandle
DA:1,1
LF:1
LH:1
BRF:0
BRH:0
end_of_record
TN:
SF:src\components\ui\scroll-area.tsx
FN:8,ScrollArea
FN:31,ScrollBar
FNF:2
FNH:2
FNDA:4,ScrollArea
FNDA:4,ScrollBar
DA:1,2
LF:1
LH:1
BRDA:33,0,0,4
BRDA:42,1,0,4
BRDA:42,1,1,4
BRDA:43,2,0,4
BRDA:43,2,1,0
BRF:5
BRH:4
end_of_record
TN:
SF:src\components\ui\select.tsx
FN:9,Select
FN:13,SelectGroup
FN:17,SelectValue
FN:21,SelectTrigger
FN:47,SelectContent
FN:82,SelectLabel
FN:92,SelectItem
FN:116,SelectSeparator
FN:129,SelectScrollUpButton
FN:144,SelectScrollDownButton
FNF:10
FNH:9
FNDA:4,Select
FNDA:2,SelectGroup
FNDA:4,SelectValue
FNDA:4,SelectTrigger
FNDA:4,SelectContent
FNDA:2,SelectLabel
FNDA:12,SelectItem
FNDA:0,SelectSeparator
FNDA:6,SelectScrollUpButton
FNDA:6,SelectScrollDownButton
DA:1,2
LF:1
LH:1
BRDA:23,0,0,4
BRDA:50,1,0,4
BRDA:59,2,0,4
BRDA:59,2,1,4
BRDA:70,3,0,4
BRDA:70,3,1,4
BRF:6
BRH:6
end_of_record
TN:
SF:src\components\ui\separator.tsx
FN:8,Separator
FNF:1
FNH:1
FNDA:6,Separator
DA:1,4
LF:1
LH:1
BRDA:10,0,0,6
BRDA:11,1,0,6
BRF:2
BRH:2
end_of_record
TN:
SF:src\components\ui\sheet.tsx
FN:9,Sheet
FN:13,SheetTrigger
FN:17,SheetClose
FN:21,SheetPortal
FN:25,SheetOverlay
FN:41,SheetContent
FN:78,SheetHeader
FN:88,SheetFooter
FN:98,SheetTitle
FN:108,SheetDescription
FNF:10
FNH:10
FNDA:16,Sheet
FNDA:19,SheetTrigger
FNDA:5,SheetClose
FNDA:19,SheetPortal
FNDA:4,SheetOverlay
FNDA:19,SheetContent
FNDA:2,SheetHeader
FNDA:2,SheetFooter
FNDA:5,SheetTitle
FNDA:5,SheetDescription
DA:1,7
LF:1
LH:1
BRDA:44,0,0,19
BRDA:56,1,0,19
BRDA:56,1,1,12
BRDA:58,2,0,19
BRDA:58,2,1,2
BRDA:60,3,0,19
BRDA:60,3,1,2
BRDA:62,4,0,19
BRDA:62,4,1,2
BRF:9
BRH:9
end_of_record
TN:
SF:src\components\ui\sidebar.tsx
FN:38,useSidebar
FN:47,SidebarProvider
FN:68,(anonymous_2)
FN:83,(anonymous_3)
FN:84,(anonymous_4)
FN:84,(anonymous_5)
FN:88,(anonymous_6)
FN:89,(anonymous_7)
FN:97,(anonymous_8)
FN:105,(anonymous_9)
FN:142,Sidebar
FN:244,SidebarTrigger
FN:254,(anonymous_12)
FN:266,SidebarRail
FN:291,SidebarInset
FN:305,SidebarInput
FN:316,SidebarHeader
FN:327,SidebarFooter
FN:338,SidebarSeparator
FN:349,SidebarContent
FN:363,SidebarGroup
FN:374,SidebarGroupLabel
FN:395,SidebarGroupAction
FN:418,SidebarGroupContent
FN:429,SidebarMenu
FN:440,SidebarMenuItem
FN:473,SidebarMenuButton
FN:523,SidebarMenuAction
FN:555,SidebarMenuBadge
FN:574,SidebarMenuSkeleton
FN:583,(anonymous_30)
FN:609,SidebarMenuSub
FN:624,SidebarMenuSubItem
FN:635,SidebarMenuSubButton
FNF:34
FNH:28
FNDA:154,useSidebar
FNDA:198,SidebarProvider
FNDA:5,(anonymous_2)
FNDA:4,(anonymous_3)
FNDA:0,(anonymous_4)
FNDA:4,(anonymous_5)
FNDA:51,(anonymous_6)
FNDA:0,(anonymous_7)
FNDA:51,(anonymous_8)
FNDA:104,(anonymous_9)
FNDA:102,Sidebar
FNDA:10,SidebarTrigger
FNDA:2,(anonymous_12)
FNDA:8,SidebarRail
FNDA:4,SidebarInset
FNDA:0,SidebarInput
FNDA:6,SidebarHeader
FNDA:6,SidebarFooter
FNDA:4,SidebarSeparator
FNDA:92,SidebarContent
FNDA:14,SidebarGroup
FNDA:14,SidebarGroupLabel
FNDA:2,SidebarGroupAction
FNDA:12,SidebarGroupContent
FNDA:24,SidebarMenu
FNDA:28,SidebarMenuItem
FNDA:24,SidebarMenuButton
FNDA:2,SidebarMenuAction
FNDA:0,SidebarMenuBadge
FNDA:0,SidebarMenuSkeleton
FNDA:0,(anonymous_30)
FNDA:8,SidebarMenuSub
FNDA:10,SidebarMenuSubItem
FNDA:10,SidebarMenuSubButton
DA:1,3
DA:19,3
DA:20,3
DA:21,3
DA:22,3
DA:23,3
DA:24,3
DA:36,3
DA:39,154
DA:40,154
DA:41,0
DA:44,154
DA:60,198
DA:61,198
DA:65,198
DA:66,198
DA:67,198
DA:69,5
DA:70,5
DA:71,1
DA:73,4
DA:77,5
DA:83,198
DA:84,4
DA:88,198
DA:89,51
DA:90,0
DA:91,0
DA:92,0
DA:96,51
DA:97,51
DA:102,198
DA:104,198
DA:105,104
DA:154,102
DA:156,102
DA:171,98
DA:245,10
DA:255,2
DA:256,2
DA:267,8
DA:379,14
DA:400,2
DA:451,3
DA:486,24
DA:487,24
DA:500,24
DA:501,22
DA:504,2
DA:505,2
DA:532,2
DA:583,0
DA:585,0
DA:646,10
LF:54
LH:48
BRDA:40,0,0,0
BRDA:40,0,1,154
BRDA:48,1,0,198
BRDA:66,2,0,198
BRDA:66,2,1,190
BRDA:69,3,0,4
BRDA:69,3,1,1
BRDA:70,4,0,1
BRDA:70,4,1,4
BRDA:84,5,0,0
BRDA:84,5,1,4
BRDA:90,6,0,0
BRDA:90,6,1,0
BRDA:90,7,0,0
BRDA:90,7,1,0
BRDA:90,7,2,0
BRDA:102,8,0,178
BRDA:102,8,1,20
BRDA:143,9,0,102
BRDA:144,10,0,102
BRDA:145,11,0,102
BRDA:156,12,0,4
BRDA:156,12,1,98
BRDA:171,13,0,0
BRDA:171,13,1,98
BRDA:200,14,0,14
BRDA:200,14,1,84
BRDA:212,15,0,8
BRDA:212,15,1,90
BRDA:212,16,0,102
BRDA:212,16,1,94
BRDA:221,17,0,94
BRDA:221,17,1,4
BRDA:225,18,0,8
BRDA:225,18,1,90
BRDA:225,19,0,102
BRDA:225,19,1,94
BRDA:376,20,0,14
BRDA:379,21,0,2
BRDA:379,21,1,12
BRDA:397,22,0,2
BRDA:400,23,0,0
BRDA:400,23,1,2
BRDA:474,24,0,24
BRDA:475,25,0,24
BRDA:476,26,0,24
BRDA:477,27,0,24
BRDA:486,28,0,2
BRDA:486,28,1,22
BRDA:500,29,0,22
BRDA:500,29,1,2
BRDA:504,30,0,2
BRDA:504,30,1,0
BRDA:516,31,0,2
BRDA:516,31,1,0
BRDA:525,32,0,2
BRDA:526,33,0,2
BRDA:532,34,0,0
BRDA:532,34,1,2
BRDA:546,35,0,2
BRDA:546,35,1,0
BRDA:576,36,0,0
BRDA:636,37,0,10
BRDA:637,38,0,10
BRDA:638,39,0,10
BRDA:646,40,0,0
BRDA:646,40,1,10
BRDA:657,41,0,10
BRDA:657,41,1,2
BRDA:658,42,0,10
BRDA:658,42,1,6
BRF:71
BRH:56
end_of_record
TN:
SF:src\components\ui\skeleton.tsx
FN:4,(anonymous_0)
FNF:1
FNH:1
FNDA:2,(anonymous_0)
DA:4,4
LF:1
LH:1
BRF:0
BRH:0
end_of_record
TN:
SF:src\components\ui\slider.tsx
FN:8,Slider
FN:17,(anonymous_1)
FNF:2
FNH:2
FNDA:6,Slider
FNDA:6,(anonymous_1)
DA:1,2
DA:16,6
DA:17,6
LF:3
LH:3
BRDA:12,0,0,6
BRDA:13,1,0,6
BRDA:17,2,0,0
BRDA:17,2,1,6
BRDA:17,3,0,6
BRDA:17,3,1,0
BRF:6
BRH:4
end_of_record
TN:
SF:src\components\ui\sonner.tsx
FN:7,(anonymous_0)
FNF:1
FNH:1
FNDA:2,(anonymous_0)
DA:1,1
DA:7,1
DA:8,2
LF:3
LH:3
BRDA:8,0,0,2
BRF:1
BRH:1
end_of_record
TN:
SF:src\components\ui\switch.tsx
FN:8,Switch
FNF:1
FNH:1
FNDA:2,Switch
DA:1,1
LF:1
LH:1
BRF:0
BRH:0
end_of_record
TN:
SF:src\components\ui\table.tsx
FN:7,Table
FN:19,TableHeader
FN:23,TableBody
FN:33,TableFooter
FN:43,TableRow
FN:56,TableHead
FN:69,TableCell
FN:82,TableCaption
FNF:8
FNH:8
FNDA:6,Table
FNDA:6,TableHeader
FNDA:6,TableBody
FNDA:2,TableFooter
FNDA:10,TableRow
FNDA:8,TableHead
FNDA:8,TableCell
FNDA:2,TableCaption
DA:1,3
LF:1
LH:1
BRF:0
BRH:0
end_of_record
TN:
SF:src\components\ui\tabs.tsx
FN:8,Tabs
FN:18,TabsList
FN:31,TabsTrigger
FN:44,TabsContent
FNF:4
FNH:4
FNDA:2,Tabs
FNDA:2,TabsList
FNDA:4,TabsTrigger
FNDA:4,TabsContent
DA:1,1
LF:1
LH:1
BRF:0
BRH:0
end_of_record
TN:
SF:src\components\ui\textarea.tsx
FN:5,(anonymous_0)
FNF:1
FNH:1
FNDA:2,(anonymous_0)
DA:5,1
LF:1
LH:1
BRF:0
BRH:0
end_of_record
TN:
SF:src\components\ui\toggle-group.tsx
FN:15,ToggleGroup
FN:40,ToggleGroupItem
FNF:2
FNH:2
FNDA:2,ToggleGroup
FNDA:4,ToggleGroupItem
DA:1,1
DA:10,1
DA:47,4
LF:3
LH:3
BRDA:52,0,0,4
BRDA:52,0,1,4
BRDA:53,1,0,4
BRDA:53,1,1,4
BRDA:56,2,0,4
BRDA:56,2,1,4
BRDA:57,3,0,4
BRDA:57,3,1,4
BRF:8
BRH:8
end_of_record
TN:
SF:src\components\ui\toggle.tsx
FN:31,Toggle
FNF:1
FNH:1
FNDA:2,Toggle
DA:1,2
DA:10,2
LF:2
LH:2
BRF:0
BRH:0
end_of_record
TN:
SF:src\components\ui\tooltip.tsx
FN:8,TooltipProvider
FN:21,Tooltip
FN:29,TooltipTrigger
FN:33,TooltipContent
FNF:4
FNH:4
FNDA:204,TooltipProvider
FNDA:4,Tooltip
FNDA:4,TooltipTrigger
FNDA:4,TooltipContent
DA:1,4
LF:1
LH:1
BRDA:9,0,0,204
BRDA:35,1,0,4
BRF:2
BRH:2
end_of_record
TN:
SF:src\components\ui\use-mobile.ts
FN:5,useIsMobile
FN:8,(anonymous_1)
FN:10,(anonymous_2)
FN:15,(anonymous_3)
FNF:4
FNH:3
FNDA:200,useIsMobile
FNDA:48,(anonymous_1)
FNDA:0,(anonymous_2)
FNDA:48,(anonymous_3)
DA:3,4
DA:6,200
DA:8,200
DA:9,48
DA:10,48
DA:11,0
DA:13,48
DA:14,48
DA:15,48
DA:18,200
LF:10
LH:9
BRF:0
BRH:0
end_of_record
TN:
SF:src\components\ui\utils.ts
FN:4,cn
FNF:1
FNH:1
FNDA:2127,cn
DA:5,2127
LF:1
LH:1
BRF:0
BRH:0
end_of_record
TN:
SF:src\context\ChannelContext.tsx
FN:45,ChannelProvider
FN:56,useChannel
FNF:2
FNH:2
FNDA:923,ChannelProvider
FNDA:162,useChannel
DA:19,35
DA:21,35
DA:46,923
DA:47,923
DA:57,162
DA:58,162
DA:59,2
DA:61,160
LF:8
LH:8
BRDA:58,0,0,2
BRDA:58,0,1,160
BRF:2
BRH:2
end_of_record
TN:
SF:src\context\ThemeContext.tsx
FN:14,ThemeProvider
FN:17,(anonymous_1)
FN:18,(anonymous_2)
FN:28,useTheme
FNF:4
FNH:4
FNDA:961,ThemeProvider
FNDA:4,(anonymous_1)
FNDA:8,(anonymous_2)
FNDA:250,useTheme
DA:12,35
DA:15,961
DA:17,961
DA:18,8
DA:29,250
DA:30,250
DA:31,2
DA:33,248
LF:8
LH:8
BRDA:18,0,0,2
BRDA:18,0,1,6
BRDA:30,1,0,2
BRDA:30,1,1,248
BRF:4
BRH:4
end_of_record
TN:
SF:src\features\achievements\AchievementCreator.tsx
FN:10,AchievementCreator
FN:19,(anonymous_1)
FN:27,(anonymous_2)
FN:31,(anonymous_3)
FN:32,(anonymous_4)
FN:41,(anonymous_5)
FN:50,(anonymous_6)
FN:128,(anonymous_7)
FN:139,(anonymous_8)
FN:155,(anonymous_9)
FN:172,(anonymous_10)
FN:187,(anonymous_11)
FN:197,(anonymous_12)
FN:248,(anonymous_13)
FNF:14
FNH:12
FNDA:62,AchievementCreator
FNDA:1,(anonymous_1)
FNDA:3,(anonymous_2)
FNDA:1,(anonymous_3)
FNDA:2,(anonymous_4)
FNDA:0,(anonymous_5)
FNDA:2,(anonymous_6)
FNDA:1,(anonymous_7)
FNDA:1,(anonymous_8)
FNDA:0,(anonymous_9)
FNDA:2,(anonymous_10)
FNDA:1,(anonymous_11)
FNDA:4,(anonymous_12)
FNDA:1,(anonymous_13)
DA:11,62
DA:12,62
DA:13,62
DA:14,62
DA:15,62
DA:16,62
DA:17,62
DA:19,62
DA:21,1
DA:22,1
DA:23,1
DA:24,1
DA:27,62
DA:28,3
DA:31,62
DA:32,2
DA:41,0
DA:50,2
DA:128,1
DA:139,1
DA:155,0
DA:172,2
DA:187,1
DA:197,4
DA:248,1
LF:25
LH:23
BRDA:174,0,0,2
BRDA:174,0,1,60
BRDA:179,1,0,2
BRDA:179,1,1,60
BRDA:189,2,0,46
BRDA:189,2,1,16
BRDA:199,3,0,16
BRDA:199,3,1,46
BRF:8
BRH:8
end_of_record
TN:
SF:src\features\achievements\SuccessManagement.tsx
FN:85,SuccessManagement
FN:94,(anonymous_1)
FN:103,(anonymous_2)
FN:123,(anonymous_3)
FNF:4
FNH:3
FNDA:12,SuccessManagement
FNDA:1,(anonymous_1)
FNDA:0,(anonymous_2)
FNDA:1,(anonymous_3)
DA:10,5
DA:86,12
DA:94,1
DA:103,0
DA:123,1
LF:5
LH:4
BRDA:218,0,0,72
BRDA:218,0,1,24
BRDA:222,1,0,72
BRDA:222,1,1,24
BRDA:227,2,0,72
BRDA:227,2,1,24
BRDA:232,3,0,72
BRDA:232,3,1,24
BRF:8
BRH:8
end_of_record
TN:
SF:src\features\dashboard\Dashboard.tsx
FN:20,Dashboard
FN:38,(anonymous_1)
FN:47,(anonymous_2)
FN:201,(anonymous_3)
FN:222,(anonymous_4)
FN:243,(anonymous_5)
FNF:6
FNH:6
FNDA:62,Dashboard
FNDA:2,(anonymous_1)
FNDA:1,(anonymous_2)
FNDA:1,(anonymous_3)
FNDA:1,(anonymous_4)
FNDA:1,(anonymous_5)
DA:21,62
DA:22,62
DA:24,62
DA:38,2
DA:47,1
DA:201,1
DA:222,1
DA:243,1
LF:8
LH:8
BRDA:24,0,0,36
BRDA:24,0,1,26
BRF:2
BRH:2
end_of_record
TN:
SF:src\features\dashboard\hooks\useDashboardData.ts
FN:32,useDashboardData
FN:37,(anonymous_1)
FN:39,(anonymous_2)
FN:45,(anonymous_3)
FNF:4
FNH:4
FNDA:75,useDashboardData
FNDA:37,(anonymous_1)
FNDA:17,(anonymous_2)
FNDA:37,(anonymous_3)
DA:14,6
DA:24,6
DA:33,75
DA:34,75
DA:35,75
DA:37,75
DA:39,37
DA:40,17
DA:41,17
DA:42,17
DA:45,37
DA:48,75
LF:12
LH:12
BRF:0
BRH:0
end_of_record
TN:
SF:src\features\landing\LandingPage.tsx
FN:8,LandingPage
FNF:1
FNH:1
FNDA:62,LandingPage
DA:9,62
LF:1
LH:1
BRF:0
BRH:0
end_of_record
TN:
SF:src\features\marketplace\Marketplace.tsx
FN:10,(anonymous_0)
FN:114,Marketplace
FN:124,(anonymous_2)
FN:133,(anonymous_3)
FN:168,(anonymous_4)
FN:187,(anonymous_5)
FN:243,(anonymous_6)
FNF:7
FNH:6
FNDA:224,(anonymous_0)
FNDA:28,Marketplace
FNDA:1,(anonymous_2)
FNDA:1,(anonymous_3)
FNDA:2,(anonymous_4)
FNDA:1,(anonymous_5)
FNDA:0,(anonymous_6)
DA:10,5
DA:11,224
DA:13,84
DA:15,84
DA:17,56
DA:21,5
DA:112,5
DA:115,28
DA:116,28
DA:124,1
DA:133,1
DA:168,2
DA:187,1
DA:243,0
LF:14
LH:13
BRDA:11,0,0,84
BRDA:11,0,1,84
BRDA:11,0,2,56
BRDA:181,1,0,4
BRDA:181,1,1,24
BRDA:201,2,0,28
BRDA:201,2,1,112
BRF:7
BRH:7
end_of_record
TN:
SF:src\features\overlay\TwitchOverlay.tsx
FN:58,TwitchOverlay
FN:67,(anonymous_1)
FN:76,(anonymous_2)
FNF:3
FNH:3
FNDA:14,TwitchOverlay
FNDA:1,(anonymous_1)
FNDA:1,(anonymous_2)
DA:10,5
DA:59,14
DA:67,1
DA:76,1
LF:4
LH:4
BRDA:138,0,0,28
BRDA:138,0,1,42
BRDA:145,1,0,70
BRDA:145,1,1,28
BRDA:170,2,0,28
BRDA:170,2,1,42
BRDA:178,3,0,28
BRDA:178,3,1,42
BRF:8
BRH:8
end_of_record
TN:
SF:src\features\profile\UserProfile.tsx
FN:9,(anonymous_0)
FN:45,UserProfile
FN:58,(anonymous_2)
FN:66,(anonymous_3)
FNF:4
FNH:4
FNDA:150,(anonymous_0)
FNDA:30,UserProfile
FNDA:1,(anonymous_2)
FNDA:2,(anonymous_3)
DA:9,6
DA:10,150
DA:12,30
DA:14,30
DA:16,30
DA:18,60
DA:22,6
DA:37,6
DA:46,30
DA:47,30
DA:48,30
DA:49,30
DA:50,30
DA:58,1
DA:66,2
LF:15
LH:15
BRDA:10,0,0,30
BRDA:10,0,1,30
BRDA:10,0,2,30
BRDA:10,0,3,60
BRDA:161,1,0,210
BRDA:161,1,1,150
BRDA:168,2,0,360
BRDA:168,2,1,150
BRDA:173,3,0,210
BRDA:173,3,1,150
BRDA:195,4,0,30
BRDA:195,4,1,120
BRF:12
BRH:12
end_of_record
