TN:
SF:src\App.tsx
FN:21,App
FN:25,(anonymous_1)
FN:30,(anonymous_2)
FNF:3
FNH:2
FNDA:20,App
FNDA:3,(anonymous_1)
FNDA:0,(anonymous_2)
DA:22,20
DA:23,20
DA:25,20
DA:26,3
DA:27,3
DA:30,20
DA:31,0
DA:34,20
LF:8
LH:7
BRDA:34,0,0,14
BRDA:34,0,1,6
BRDA:34,1,0,20
BRDA:34,1,1,14
BRF:4
BRH:4
end_of_record
TN:
SF:src\components\layout\Sidebar.tsx
FN:22,Sidebar
FN:33,(anonymous_1)
FN:72,(anonymous_2)
FN:79,(anonymous_3)
FNF:4
FNH:4
FNDA:126,Sidebar
FNDA:2,(anonymous_1)
FNDA:756,(anonymous_2)
FNDA:2,(anonymous_3)
DA:23,126
DA:24,126
DA:33,126
DA:34,2
DA:35,2
DA:36,1
DA:73,756
DA:74,756
DA:79,2
LF:9
LH:9
BRDA:22,0,0,126
BRDA:35,1,0,1
BRDA:35,1,1,1
BRDA:48,2,0,18
BRDA:48,2,1,108
BRDA:81,3,0,126
BRDA:81,3,1,630
BRDA:101,4,0,126
BRDA:101,4,1,0
BRF:9
BRH:8
end_of_record
TN:
SF:src\components\ui\ChannelSelector.tsx
FN:5,ChannelSelector
FN:12,(anonymous_1)
FN:28,(anonymous_2)
FN:41,(anonymous_3)
FNF:4
FNH:3
FNDA:116,ChannelSelector
FNDA:3,(anonymous_1)
FNDA:0,(anonymous_2)
FNDA:1,(anonymous_3)
DA:6,116
DA:7,116
DA:12,3
DA:28,0
DA:42,1
DA:43,1
LF:6
LH:5
BRDA:23,0,0,4
BRDA:23,0,1,112
BRDA:46,1,0,4
BRDA:46,1,1,8
BRF:4
BRH:4
end_of_record
TN:
SF:src\context\ChannelContext.tsx
FN:45,ChannelProvider
FN:56,useChannel
FNF:2
FNH:2
FNDA:140,ChannelProvider
FNDA:124,useChannel
DA:19,13
DA:21,13
DA:46,140
DA:47,140
DA:57,124
DA:58,124
DA:59,2
DA:61,122
LF:8
LH:8
BRDA:58,0,0,2
BRDA:58,0,1,122
BRF:2
BRH:2
end_of_record
TN:
SF:src\context\ThemeContext.tsx
FN:14,ThemeProvider
FN:17,(anonymous_1)
FN:18,(anonymous_2)
FN:28,useTheme
FNF:4
FNH:4
FNDA:156,ThemeProvider
FNDA:3,(anonymous_1)
FNDA:6,(anonymous_2)
FNDA:152,useTheme
DA:12,13
DA:15,156
DA:17,156
DA:18,6
DA:29,152
DA:30,152
DA:31,2
DA:33,150
LF:8
LH:8
BRDA:18,0,0,2
BRDA:18,0,1,4
BRDA:30,1,0,2
BRDA:30,1,1,150
BRF:4
BRH:4
end_of_record
TN:
SF:src\features\achievements\AchievementCreator.tsx
FN:10,AchievementCreator
FN:19,(anonymous_1)
FN:27,(anonymous_2)
FN:31,(anonymous_3)
FN:32,(anonymous_4)
FN:41,(anonymous_5)
FN:50,(anonymous_6)
FN:128,(anonymous_7)
FN:139,(anonymous_8)
FN:155,(anonymous_9)
FN:172,(anonymous_10)
FN:187,(anonymous_11)
FN:197,(anonymous_12)
FN:248,(anonymous_13)
FNF:14
FNH:8
FNDA:32,AchievementCreator
FNDA:1,(anonymous_1)
FNDA:1,(anonymous_2)
FNDA:0,(anonymous_3)
FNDA:0,(anonymous_4)
FNDA:0,(anonymous_5)
FNDA:1,(anonymous_6)
FNDA:1,(anonymous_7)
FNDA:1,(anonymous_8)
FNDA:0,(anonymous_9)
FNDA:1,(anonymous_10)
FNDA:0,(anonymous_11)
FNDA:2,(anonymous_12)
FNDA:0,(anonymous_13)
DA:11,32
DA:12,32
DA:13,32
DA:14,32
DA:15,32
DA:16,32
DA:17,32
DA:19,32
DA:21,1
DA:22,1
DA:23,1
DA:24,1
DA:27,32
DA:28,1
DA:31,32
DA:32,0
DA:41,0
DA:50,1
DA:128,1
DA:139,1
DA:155,0
DA:172,1
DA:187,0
DA:197,2
DA:248,0
LF:25
LH:20
BRDA:174,0,0,2
BRDA:174,0,1,30
BRDA:179,1,0,2
BRDA:179,1,1,30
BRDA:189,2,0,26
BRDA:189,2,1,6
BRDA:199,3,0,6
BRDA:199,3,1,26
BRF:8
BRH:8
end_of_record
TN:
SF:src\features\achievements\SuccessManagement.tsx
FN:85,SuccessManagement
FN:94,(anonymous_1)
FN:103,(anonymous_2)
FN:123,(anonymous_3)
FNF:4
FNH:3
FNDA:12,SuccessManagement
FNDA:1,(anonymous_1)
FNDA:0,(anonymous_2)
FNDA:1,(anonymous_3)
DA:10,4
DA:86,12
DA:94,1
DA:103,0
DA:123,1
LF:5
LH:4
BRDA:218,0,0,72
BRDA:218,0,1,24
BRDA:222,1,0,72
BRDA:222,1,1,24
BRDA:227,2,0,72
BRDA:227,2,1,24
BRDA:232,3,0,72
BRDA:232,3,1,24
BRF:8
BRH:8
end_of_record
TN:
SF:src\features\dashboard\Dashboard.tsx
FN:20,Dashboard
FN:38,(anonymous_1)
FN:47,(anonymous_2)
FN:201,(anonymous_3)
FN:222,(anonymous_4)
FN:243,(anonymous_5)
FNF:6
FNH:6
FNDA:38,Dashboard
FNDA:1,(anonymous_1)
FNDA:1,(anonymous_2)
FNDA:1,(anonymous_3)
FNDA:1,(anonymous_4)
FNDA:1,(anonymous_5)
DA:21,38
DA:22,38
DA:24,38
DA:38,1
DA:47,1
DA:201,1
DA:222,1
DA:243,1
LF:8
LH:8
BRDA:24,0,0,18
BRDA:24,0,1,20
BRF:2
BRH:2
end_of_record
TN:
SF:src\features\dashboard\hooks\useDashboardData.ts
FN:32,useDashboardData
FN:37,(anonymous_1)
FN:39,(anonymous_2)
FN:45,(anonymous_3)
FNF:4
FNH:4
FNDA:38,useDashboardData
FNDA:12,(anonymous_1)
FNDA:8,(anonymous_2)
FNDA:12,(anonymous_3)
DA:14,4
DA:24,4
DA:33,38
DA:34,38
DA:35,38
DA:37,38
DA:39,12
DA:40,8
DA:41,8
DA:42,8
DA:45,12
DA:48,38
LF:12
LH:12
BRF:0
BRH:0
end_of_record
TN:
SF:src\features\landing\LandingPage.tsx
FN:8,LandingPage
FNF:1
FNH:1
FNDA:16,LandingPage
DA:9,16
LF:1
LH:1
BRF:0
BRH:0
end_of_record
TN:
SF:src\features\marketplace\Marketplace.tsx
FN:10,(anonymous_0)
FN:114,Marketplace
FN:124,(anonymous_2)
FN:133,(anonymous_3)
FN:168,(anonymous_4)
FN:187,(anonymous_5)
FN:243,(anonymous_6)
FNF:7
FNH:6
FNDA:208,(anonymous_0)
FNDA:26,Marketplace
FNDA:1,(anonymous_2)
FNDA:1,(anonymous_3)
FNDA:2,(anonymous_4)
FNDA:1,(anonymous_5)
FNDA:0,(anonymous_6)
DA:10,4
DA:11,208
DA:13,78
DA:15,78
DA:17,52
DA:21,4
DA:112,4
DA:115,26
DA:116,26
DA:124,1
DA:133,1
DA:168,2
DA:187,1
DA:243,0
LF:14
LH:13
BRDA:11,0,0,78
BRDA:11,0,1,78
BRDA:11,0,2,52
BRDA:181,1,0,4
BRDA:181,1,1,22
BRDA:201,2,0,26
BRDA:201,2,1,104
BRF:7
BRH:7
end_of_record
TN:
SF:src\features\overlay\TwitchOverlay.tsx
FN:58,TwitchOverlay
FN:67,(anonymous_1)
FN:76,(anonymous_2)
FNF:3
FNH:3
FNDA:14,TwitchOverlay
FNDA:1,(anonymous_1)
FNDA:1,(anonymous_2)
DA:10,4
DA:59,14
DA:67,1
DA:76,1
LF:4
LH:4
BRDA:138,0,0,28
BRDA:138,0,1,42
BRDA:145,1,0,70
BRDA:145,1,1,28
BRDA:170,2,0,28
BRDA:170,2,1,42
BRDA:178,3,0,28
BRDA:178,3,1,42
BRF:8
BRH:8
end_of_record
TN:
SF:src\features\profile\UserProfile.tsx
FN:9,(anonymous_0)
FN:45,UserProfile
FN:58,(anonymous_2)
FN:66,(anonymous_3)
FNF:4
FNH:3
FNDA:80,(anonymous_0)
FNDA:16,UserProfile
FNDA:0,(anonymous_2)
FNDA:1,(anonymous_3)
DA:9,4
DA:10,80
DA:12,16
DA:14,16
DA:16,16
DA:18,32
DA:22,4
DA:37,4
DA:46,16
DA:47,16
DA:48,16
DA:49,16
DA:50,16
DA:58,0
DA:66,1
LF:15
LH:14
BRDA:10,0,0,16
BRDA:10,0,1,16
BRDA:10,0,2,16
BRDA:10,0,3,32
BRDA:161,1,0,112
BRDA:161,1,1,80
BRDA:168,2,0,192
BRDA:168,2,1,80
BRDA:173,3,0,112
BRDA:173,3,1,80
BRDA:195,4,0,16
BRDA:195,4,1,64
BRF:12
BRH:12
end_of_record
